
 2021-02-08T17:02:44.695Z|GET|localhost:1020/
 2021-02-08T17:02:50.185Z|GET|localhost:1020/
 2021-02-08T17:03:40.575Z|GET|localhost:1020/patata.js
 2021-02-08T17:07:44.784Z|GET|localhost:1020/
 2021-02-08T17:07:44.786Z|GET|localhost:1020/
 2021-02-08T17:07:44.832Z|GET|localhost:1020/patata.js
 2021-02-08T18:05:59.867Z|GET|localhost:1020/
 2021-02-08T18:05:59.869Z|GET|localhost:1020/
 2021-02-08T18:05:59.914Z|GET|localhost:1020/style.css
 2021-02-08T18:05:59.922Z|GET|localhost:1020/patata.js
 2021-02-08T18:08:09.639Z|GET|localhost:1020/
 2021-02-08T18:08:09.640Z|GET|localhost:1020/
 2021-02-08T18:08:09.703Z|GET|localhost:1020/style.css
 2021-02-08T18:08:09.710Z|GET|localhost:1020/patata.js
 2021-02-14T11:13:06.808Z|GET|localhost:1020/
 2021-02-14T11:13:06.870Z|GET|localhost:1020/style.css
 2021-02-14T11:13:06.882Z|GET|localhost:1020/patata.js
 2021-02-14T11:13:06.994Z|GET|localhost:1020/favicon.ico
 2021-02-14T11:16:45.073Z|GET|localhost:1020/
 2021-02-14T11:16:45.118Z|GET|localhost:1020/style.css
 2021-02-14T11:16:45.132Z|GET|localhost:1020/patata.js
 2021-02-14T11:17:53.289Z|GET|localhost:1020/
 2021-02-14T11:17:53.328Z|GET|localhost:1020/style.css
 2021-02-14T11:17:53.344Z|GET|localhost:1020/patata.js
 2021-02-14T11:19:52.113Z|GET|localhost:1020/
 2021-02-14T11:20:04.130Z|GET|localhost:1020/
 2021-02-14T11:20:04.163Z|GET|localhost:1020/style.css
 2021-02-14T11:20:04.165Z|GET|localhost:1020/patata.js
 2021-02-14T11:20:57.807Z|GET|localhost:1020/style.css
 2021-02-14T11:21:00.983Z|GET|localhost:1020/
 2021-02-14T11:21:01.012Z|GET|localhost:1020/style.css
 2021-02-14T11:21:01.015Z|GET|localhost:1020/patata.js
 2021-02-14T11:22:46.636Z|GET|localhost:1020/bhj
 2021-02-14T11:22:59.601Z|GET|localhost:1020/bhj
 2021-02-14T11:25:24.670Z|GET|localhost:1020/bhj
 2021-02-14T11:25:44.122Z|GET|localhost:1020/bhj
 2021-02-14T11:25:52.652Z|GET|localhost:1020/poij
 2021-02-14T11:26:17.403Z|GET|localhost:1020/poij
 2021-02-14T11:26:21.115Z|GET|localhost:1020/ijo
 2021-02-14T11:26:47.294Z|GET|localhost:1020/ijo
 2021-02-14T11:27:32.961Z|GET|localhost:1020/ijo.html
 2021-02-14T11:27:55.128Z|GET|localhost:1020/ijo.html
 2021-02-14T11:29:20.666Z|GET|localhost:1020/ijo.html
 2021-02-14T11:43:29.183Z|GET|localhost:1020/ijo.html
 2021-02-14T11:43:37.446Z|GET|localhost:1020/oih.html
 api|2021-02-21T09:32:15.644Z|GET|localhost:1021/
webService|2021-02-21T09:38:20.232Z|GET|localhost:1020/
webService|2021-02-21T09:38:20.281Z|GET|localhost:1020/style.css
webService|2021-02-21T09:38:20.294Z|GET|localhost:1020/patata.js
webService|2021-02-21T09:38:20.334Z|GET|localhost:1020/favicon.ico
webService|2021-02-21T10:04:46.511Z|GET|localhost:1020/
webService|2021-02-21T10:04:46.540Z|GET|localhost:1020/style.css
webService|2021-02-21T10:04:46.550Z|GET|localhost:1020/patata.js
webService|2021-02-21T10:04:46.591Z|GET|localhost:1020/patata.js
webService|2021-02-21T10:18:58.755Z|GET|localhost:1020/modify
webService|2021-02-21T10:18:58.774Z|GET|localhost:1020/modify/
webService|2021-02-23T17:12:51.938Z|GET|localhost:1020/
webService|2021-02-23T17:12:52.028Z|GET|localhost:1020/style.css
webService|2021-02-23T17:12:52.044Z|GET|localhost:1020/patata.js
webService|2021-02-23T17:12:52.077Z|GET|localhost:1020/patata.js
webService|2021-02-23T17:12:52.096Z|GET|localhost:1020/favicon.ico
webService|2021-02-23T17:13:10.747Z|GET|localhost:1020/recipe
webService|2021-02-23T17:17:08.126Z|GET|localhost:1020/recipe
webService|2021-02-23T17:17:08.164Z|GET|localhost:1020/css/bootstrap.min.css
webService|2021-02-23T17:17:23.897Z|GET|localhost:1020/recipe
webService|2021-02-23T17:17:23.953Z|GET|localhost:1020/css/bootstrap.min.css
webService|2021-02-23T17:17:37.565Z|GET|localhost:1020/recipe
webService|2021-02-23T17:17:37.601Z|GET|localhost:1020/css/bootstrap.min.css
webService|2021-02-23T17:38:08.302Z|GET|localhost:1020/recipe
webService|2021-02-23T17:38:08.343Z|GET|localhost:1020/css/bootstrap.min.css
webService|2021-02-23T17:38:08.364Z|GET|localhost:1020/img/23131.png
webService|2021-02-23T17:38:49.589Z|GET|localhost:1020/recipe
webService|2021-02-23T17:38:49.635Z|GET|localhost:1020/css/bootstrap.min.css
webService|2021-02-23T17:38:49.655Z|GET|localhost:1020/img/23u924.png
webService|2021-02-23T17:38:49.667Z|GET|localhost:1020/img/23131.png
webService|2021-02-23T17:39:50.229Z|GET|localhost:1020/recipe
webService|2021-02-23T17:39:50.278Z|GET|localhost:1020/css/bootstrap.min.css
webService|2021-02-23T17:39:50.299Z|GET|localhost:1020/img/23u924.png
webService|2021-02-23T17:39:50.313Z|GET|localhost:1020/img/23131.png
webService|2021-02-23T17:46:06.374Z|GET|localhost:1020/recipe
webService|2021-02-23T17:46:06.419Z|GET|localhost:1020/css/bootstrap.min.css
webService|2021-02-23T17:46:06.442Z|GET|localhost:1020/img/23u924.png
webService|2021-02-23T17:46:06.450Z|GET|localhost:1020/img/23131.png
webService|2021-02-23T20:09:46.350Z|GET|localhost:1020/recipe
webService|2021-02-23T20:09:46.387Z|GET|localhost:1020/css/bootstrap.min.css
webService|2021-02-23T20:09:46.426Z|GET|localhost:1020/img/23u924.png
webService|2021-02-23T20:09:46.430Z|GET|localhost:1020/img/23131.png
webService|2021-02-23T20:09:49.882Z|GET|localhost:1020/img/23u924.png
webService|2021-02-23T20:09:49.884Z|GET|localhost:1020/img/23131.png
webService|2021-02-23T20:09:50.239Z|GET|localhost:1020/css/bootstrap.min.css
webService|2021-02-23T20:13:57.151Z|GET|localhost:1020/recipe
webService|2021-02-23T20:13:57.218Z|GET|localhost:1020/css/bootstrap.min.css
webService|2021-02-23T20:13:57.227Z|GET|localhost:1020/js/bootstrap.min.js
webService|2021-02-23T20:13:57.226Z|GET|localhost:1020/js/jquery.min.js
webService|2021-02-23T20:13:57.324Z|GET|localhost:1020/img/23u924.png
webService|2021-02-23T20:13:57.337Z|GET|localhost:1020/js/jquery.min.js
webService|2021-02-23T20:13:57.344Z|GET|localhost:1020/img/23131.png
webService|2021-02-23T20:13:57.357Z|GET|localhost:1020/js/bootstrap.min.js.map
webService|2021-02-23T20:13:57.373Z|GET|localhost:1020/css/bootstrap.min.css.map
webService|2021-02-23T20:14:23.233Z|GET|localhost:1020/recipe
webService|2021-02-23T20:14:23.275Z|GET|localhost:1020/css/bootstrap.min.css
webService|2021-02-23T20:14:23.286Z|GET|localhost:1020/js/bootstrap.min.js
webService|2021-02-23T20:14:23.287Z|GET|localhost:1020/js/jquery.min.js
webService|2021-02-23T20:14:23.353Z|GET|localhost:1020/img/23u924.png
webService|2021-02-23T20:14:23.365Z|GET|localhost:1020/img/23131.png
webService|2021-02-23T20:14:23.421Z|GET|localhost:1020/js/bootstrap.min.js.map
webService|2021-02-23T20:14:23.422Z|GET|localhost:1020/css/bootstrap.min.css.map
webService|2021-02-23T20:18:00.871Z|GET|localhost:1020/recipe
webService|2021-02-23T20:18:00.928Z|GET|localhost:1020/css/bootstrap.min.css
webService|2021-02-23T20:18:00.931Z|GET|localhost:1020/js/bootstrap.min.js
webService|2021-02-23T20:18:00.932Z|GET|localhost:1020/js/jquery.min.js
webService|2021-02-23T20:18:00.982Z|GET|localhost:1020/img/23u924.png
webService|2021-02-23T20:18:00.986Z|GET|localhost:1020/img/23131.png
webService|2021-02-23T20:22:02.429Z|GET|localhost:1020/recipe
webService|2021-02-23T20:22:02.469Z|GET|localhost:1020/css/bootstrap.min.css
webService|2021-02-23T20:22:02.477Z|GET|localhost:1020/js/jquery.min.js
webService|2021-02-23T20:22:02.478Z|GET|localhost:1020/js/bootstrap.min.js
webService|2021-02-23T20:22:02.499Z|GET|localhost:1020/img/23u924.png
webService|2021-02-23T20:22:02.508Z|GET|localhost:1020/img/23131.png
webService|2021-02-23T20:23:38.711Z|GET|localhost:1020/recipe
webService|2021-02-23T20:23:38.761Z|GET|localhost:1020/css/bootstrap.min.css
webService|2021-02-23T20:23:38.768Z|GET|localhost:1020/js/jquery.min.js
webService|2021-02-23T20:23:38.768Z|GET|localhost:1020/js/bootstrap.min.js
webService|2021-02-23T20:23:38.794Z|GET|localhost:1020/img/3e07e002d69fe35de9c20050cf3bcd82.jpg
webService|2021-02-23T20:23:38.797Z|GET|localhost:1020/img/23131.png
webService|2021-02-23T20:23:49.427Z|GET|localhost:1020/recipe
webService|2021-02-23T20:23:49.472Z|GET|localhost:1020/css/bootstrap.min.css
webService|2021-02-23T20:23:49.474Z|GET|localhost:1020/js/jquery.min.js
webService|2021-02-23T20:23:49.475Z|GET|localhost:1020/js/bootstrap.min.js
webService|2021-02-23T20:23:49.513Z|GET|localhost:1020/img/3e07e002d69fe35de9c20050cf3bcd82.jpg
webService|2021-02-23T20:23:49.513Z|GET|localhost:1020/img/23131.png
webService|2021-02-23T20:24:04.140Z|GET|localhost:1020/recipe
webService|2021-02-23T20:24:04.186Z|GET|localhost:1020/css/bootstrap.min.css
webService|2021-02-23T20:24:04.189Z|GET|localhost:1020/js/jquery.min.js
webService|2021-02-23T20:24:04.196Z|GET|localhost:1020/js/bootstrap.min.js
webService|2021-02-23T20:24:04.219Z|GET|localhost:1020/img/3e07e002d69fe35de9c20050cf3bcd82.jpg
webService|2021-02-23T20:24:04.221Z|GET|localhost:1020/img/23131.png
webService|2021-02-23T20:24:34.872Z|GET|localhost:1020/recipe
webService|2021-02-23T20:24:34.916Z|GET|localhost:1020/css/bootstrap.min.css
webService|2021-02-23T20:24:34.921Z|GET|localhost:1020/js/jquery.min.js
webService|2021-02-23T20:24:34.932Z|GET|localhost:1020/js/bootstrap.min.js
webService|2021-02-23T20:24:34.949Z|GET|localhost:1020/img/3e07e002d69fe35de9c20050cf3bcd82.jpg
webService|2021-02-23T20:24:34.951Z|GET|localhost:1020/img/23131.png
webService|2021-02-23T20:25:21.512Z|GET|localhost:1020/recipe
webService|2021-02-23T20:25:21.557Z|GET|localhost:1020/css/bootstrap.min.css
webService|2021-02-23T20:25:21.561Z|GET|localhost:1020/js/jquery.min.js
webService|2021-02-23T20:25:21.561Z|GET|localhost:1020/js/bootstrap.min.js
webService|2021-02-23T20:25:21.586Z|GET|localhost:1020/img/3e07e002d69fe35de9c20050cf3bcd82.jpg
webService|2021-02-23T20:25:21.592Z|GET|localhost:1020/img/23131.png
webService|2021-02-23T20:25:32.240Z|GET|localhost:1020/recipe
webService|2021-02-23T20:25:32.286Z|GET|localhost:1020/css/bootstrap.min.css
webService|2021-02-23T20:25:32.290Z|GET|localhost:1020/js/jquery.min.js
webService|2021-02-23T20:25:32.291Z|GET|localhost:1020/js/bootstrap.min.js
webService|2021-02-23T20:25:32.315Z|GET|localhost:1020/img/3e07e002d69fe35de9c20050cf3bcd82.jpg
webService|2021-02-23T20:25:32.318Z|GET|localhost:1020/img/23131.png
webService|2021-02-23T20:25:39.472Z|GET|localhost:1020/recipe
webService|2021-02-23T20:25:39.514Z|GET|localhost:1020/css/bootstrap.min.css
webService|2021-02-23T20:25:39.519Z|GET|localhost:1020/js/jquery.min.js
webService|2021-02-23T20:25:39.520Z|GET|localhost:1020/js/bootstrap.min.js
webService|2021-02-23T20:25:39.545Z|GET|localhost:1020/img/3e07e002d69fe35de9c20050cf3bcd82.jpg
webService|2021-02-23T20:25:39.548Z|GET|localhost:1020/img/23131.png
webService|2021-02-23T20:27:06.567Z|GET|localhost:1020/recipe
webService|2021-02-23T20:27:06.605Z|GET|localhost:1020/css/bootstrap.min.css
webService|2021-02-23T20:27:06.610Z|GET|localhost:1020/js/jquery.min.js
webService|2021-02-23T20:27:06.613Z|GET|localhost:1020/js/bootstrap.min.js
webService|2021-02-23T20:27:06.652Z|GET|localhost:1020/img/3e07e002d69fe35de9c20050cf3bcd82.jpg
webService|2021-02-23T20:27:06.656Z|GET|localhost:1020/img/23131.png
webService|2021-02-23T20:27:17.039Z|GET|localhost:1020/recipe
webService|2021-02-23T20:27:17.077Z|GET|localhost:1020/css/bootstrap.min.css
webService|2021-02-23T20:27:17.079Z|GET|localhost:1020/js/jquery.min.js
webService|2021-02-23T20:27:17.084Z|GET|localhost:1020/js/bootstrap.min.js
webService|2021-02-23T20:27:17.126Z|GET|localhost:1020/img/3e07e002d69fe35de9c20050cf3bcd82.jpg
webService|2021-02-23T20:27:17.128Z|GET|localhost:1020/img/23131.png
webService|2021-02-23T20:27:41.631Z|GET|localhost:1020/recipe
webService|2021-02-23T20:27:41.670Z|GET|localhost:1020/css/bootstrap.min.css
webService|2021-02-23T20:27:41.674Z|GET|localhost:1020/js/jquery.min.js
webService|2021-02-23T20:27:41.675Z|GET|localhost:1020/js/bootstrap.min.js
webService|2021-02-23T20:27:41.698Z|GET|localhost:1020/img/3e07e002d69fe35de9c20050cf3bcd82.jpg
webService|2021-02-23T20:27:41.703Z|GET|localhost:1020/img/23131.png
webService|2021-02-23T20:28:51.435Z|GET|localhost:1020/recipe
webService|2021-02-23T20:28:51.496Z|GET|localhost:1020/css/bootstrap.min.css
webService|2021-02-23T20:28:51.500Z|GET|localhost:1020/js/jquery.min.js
webService|2021-02-23T20:28:51.500Z|GET|localhost:1020/js/bootstrap.min.js
webService|2021-02-23T20:28:51.522Z|GET|localhost:1020/img/3e07e002d69fe35de9c20050cf3bcd82.jpg
webService|2021-02-23T20:28:51.532Z|GET|localhost:1020/img/23131.png
webService|2021-02-23T20:31:00.982Z|GET|localhost:1020/recipe
webService|2021-02-23T20:31:01.042Z|GET|localhost:1020/css/bootstrap.min.css
webService|2021-02-23T20:31:01.046Z|GET|localhost:1020/js/jquery.min.js
webService|2021-02-23T20:31:01.047Z|GET|localhost:1020/js/bootstrap.min.js
webService|2021-02-23T20:31:01.066Z|GET|localhost:1020/img/3e07e002d69fe35de9c20050cf3bcd82.jpg
webService|2021-02-23T20:31:01.070Z|GET|localhost:1020/img/23131.png
webService|2021-02-24T16:20:36.963Z|GET|localhost:1020/
webService|2021-02-24T16:20:37.148Z|GET|localhost:1020/style.css
webService|2021-02-24T16:20:37.156Z|GET|localhost:1020/patata.js
webService|2021-02-24T16:20:37.189Z|GET|localhost:1020/patata.js
webService|2021-02-24T16:20:37.206Z|GET|localhost:1020/favicon.ico
webService|2021-02-24T16:20:51.356Z|GET|localhost:1020/recipe
webService|2021-02-24T16:20:51.447Z|GET|localhost:1020/css/bootstrap.min.css
webService|2021-02-24T16:20:51.451Z|GET|localhost:1020/js/bootstrap.min.js
webService|2021-02-24T16:20:51.452Z|GET|localhost:1020/js/jquery.min.js
webService|2021-02-24T16:20:51.540Z|GET|localhost:1020/img/3e07e002d69fe35de9c20050cf3bcd82.jpg
webService|2021-02-24T16:20:51.540Z|GET|localhost:1020/img/23131.png
webService|2021-02-24T16:21:41.491Z|GET|localhost:1020/recipe
webService|2021-02-24T16:21:41.565Z|GET|localhost:1020/css/bootstrap.min.css
webService|2021-02-24T16:21:41.574Z|GET|localhost:1020/js/jquery.min.js
webService|2021-02-24T16:21:41.575Z|GET|localhost:1020/js/bootstrap.min.js
webService|2021-02-24T16:21:41.591Z|GET|localhost:1020/img/23131.png
webService|2021-02-24T16:21:41.652Z|GET|localhost:1020/img/3e07e002d69fe35de9c20050cf3bcd82.jpg
webService|2021-02-24T16:21:41.652Z|GET|localhost:1020/img/23131.png
webService|2021-02-24T16:21:54.971Z|GET|localhost:1020/recipe
webService|2021-02-24T16:21:55.026Z|GET|localhost:1020/css/bootstrap.min.css
webService|2021-02-24T16:21:55.036Z|GET|localhost:1020/js/jquery.min.js
webService|2021-02-24T16:21:55.038Z|GET|localhost:1020/js/bootstrap.min.js
webService|2021-02-24T16:21:55.048Z|GET|localhost:1020/img/23131.png
webService|2021-02-24T16:21:55.112Z|GET|localhost:1020/img/3e07e002d69fe35de9c20050cf3bcd82.jpg
webService|2021-02-24T16:21:55.112Z|GET|localhost:1020/img/23131.png
webService|2021-02-24T16:22:06.595Z|GET|localhost:1020/recipe
webService|2021-02-24T16:22:06.648Z|GET|localhost:1020/css/bootstrap.min.css
webService|2021-02-24T16:22:06.657Z|GET|localhost:1020/js/jquery.min.js
webService|2021-02-24T16:22:06.665Z|GET|localhost:1020/js/bootstrap.min.js
webService|2021-02-24T16:22:06.673Z|GET|localhost:1020/img/23131.png
webService|2021-02-24T16:22:06.726Z|GET|localhost:1020/img/3e07e002d69fe35de9c20050cf3bcd82.jpg
webService|2021-02-24T16:22:06.727Z|GET|localhost:1020/img/23131.png
webService|2021-02-24T16:22:33.275Z|GET|localhost:1020/recipe
webService|2021-02-24T16:22:33.336Z|GET|localhost:1020/css/bootstrap.min.css
webService|2021-02-24T16:22:33.346Z|GET|localhost:1020/js/jquery.min.js
webService|2021-02-24T16:22:33.347Z|GET|localhost:1020/js/bootstrap.min.js
webService|2021-02-24T16:22:33.359Z|GET|localhost:1020/img/23131.png
webService|2021-02-24T16:22:33.406Z|GET|localhost:1020/img/3e07e002d69fe35de9c20050cf3bcd82.jpg
webService|2021-02-24T16:22:33.407Z|GET|localhost:1020/img/23131.png
webService|2021-02-24T16:23:05.555Z|GET|localhost:1020/recipe
webService|2021-02-24T16:23:05.615Z|GET|localhost:1020/css/bootstrap.min.css
webService|2021-02-24T16:23:05.627Z|GET|localhost:1020/js/jquery.min.js
webService|2021-02-24T16:23:05.629Z|GET|localhost:1020/js/bootstrap.min.js
webService|2021-02-24T16:23:05.636Z|GET|localhost:1020/img/23131.png
webService|2021-02-24T16:23:05.687Z|GET|localhost:1020/img/3e07e002d69fe35de9c20050cf3bcd82.jpg
webService|2021-02-24T16:23:05.687Z|GET|localhost:1020/img/23131.png
webService|2021-02-24T16:23:23.019Z|GET|localhost:1020/recipe
webService|2021-02-24T16:23:23.088Z|GET|localhost:1020/css/bootstrap.min.css
webService|2021-02-24T16:23:23.097Z|GET|localhost:1020/js/jquery.min.js
webService|2021-02-24T16:23:23.098Z|GET|localhost:1020/js/bootstrap.min.js
webService|2021-02-24T16:23:23.107Z|GET|localhost:1020/img/23131.png
webService|2021-02-24T16:23:23.165Z|GET|localhost:1020/img/3e07e002d69fe35de9c20050cf3bcd82.jpg
webService|2021-02-24T16:23:23.165Z|GET|localhost:1020/img/23131.png
webService|2021-02-24T16:24:03.674Z|GET|localhost:1020/recipe
webService|2021-02-24T16:24:03.738Z|GET|localhost:1020/css/style.css
webService|2021-02-24T16:24:03.750Z|GET|localhost:1020/css/bootstrap.min.css
webService|2021-02-24T16:24:03.751Z|GET|localhost:1020/js/bootstrap.min.js
webService|2021-02-24T16:24:03.752Z|GET|localhost:1020/js/jquery.min.js
webService|2021-02-24T16:24:03.768Z|GET|localhost:1020/img/23131.png
webService|2021-02-24T16:24:03.822Z|GET|localhost:1020/img/3e07e002d69fe35de9c20050cf3bcd82.jpg
webService|2021-02-24T16:24:03.823Z|GET|localhost:1020/img/23131.png
webService|2021-02-24T16:24:15.676Z|GET|localhost:1020/recipe
webService|2021-02-24T16:24:15.741Z|GET|localhost:1020/css/style.css
webService|2021-02-24T16:24:15.758Z|GET|localhost:1020/css/bootstrap.min.css
webService|2021-02-24T16:24:15.760Z|GET|localhost:1020/js/bootstrap.min.js
webService|2021-02-24T16:24:15.762Z|GET|localhost:1020/js/jquery.min.js
webService|2021-02-24T16:24:15.773Z|GET|localhost:1020/img/23131.png
webService|2021-02-24T16:24:15.835Z|GET|localhost:1020/img/3e07e002d69fe35de9c20050cf3bcd82.jpg
webService|2021-02-24T16:24:15.835Z|GET|localhost:1020/img/23131.png
webService|2021-02-24T16:24:21.180Z|GET|localhost:1020/recipe
webService|2021-02-24T16:24:21.245Z|GET|localhost:1020/css/style.css
webService|2021-02-24T16:24:21.260Z|GET|localhost:1020/css/bootstrap.min.css
webService|2021-02-24T16:24:21.260Z|GET|localhost:1020/js/bootstrap.min.js
webService|2021-02-24T16:24:21.261Z|GET|localhost:1020/js/jquery.min.js
webService|2021-02-24T16:24:21.276Z|GET|localhost:1020/img/23131.png
webService|2021-02-24T16:24:21.331Z|GET|localhost:1020/img/3e07e002d69fe35de9c20050cf3bcd82.jpg
webService|2021-02-24T16:24:21.332Z|GET|localhost:1020/img/23131.png
webService|2021-02-24T16:24:36.047Z|GET|localhost:1020/recipe
webService|2021-02-24T16:24:36.108Z|GET|localhost:1020/css/style.css
webService|2021-02-24T16:24:36.125Z|GET|localhost:1020/css/bootstrap.min.css
webService|2021-02-24T16:24:36.126Z|GET|localhost:1020/js/bootstrap.min.js
webService|2021-02-24T16:24:36.127Z|GET|localhost:1020/js/jquery.min.js
webService|2021-02-24T16:24:36.136Z|GET|localhost:1020/img/23131.png
webService|2021-02-24T16:24:36.203Z|GET|localhost:1020/img/3e07e002d69fe35de9c20050cf3bcd82.jpg
webService|2021-02-24T16:24:36.203Z|GET|localhost:1020/img/23131.png
webService|2021-02-24T16:24:42.699Z|GET|localhost:1020/recipe
webService|2021-02-24T16:24:42.766Z|GET|localhost:1020/css/style.css
webService|2021-02-24T16:24:42.784Z|GET|localhost:1020/css/bootstrap.min.css
webService|2021-02-24T16:24:42.785Z|GET|localhost:1020/js/bootstrap.min.js
webService|2021-02-24T16:24:42.785Z|GET|localhost:1020/js/jquery.min.js
webService|2021-02-24T16:24:42.794Z|GET|localhost:1020/img/23131.png
webService|2021-02-24T16:24:42.843Z|GET|localhost:1020/img/3e07e002d69fe35de9c20050cf3bcd82.jpg
webService|2021-02-24T16:24:42.843Z|GET|localhost:1020/img/23131.png
webService|2021-02-24T16:25:42.563Z|GET|localhost:1020/recipe
webService|2021-02-24T16:25:42.639Z|GET|localhost:1020/css/style.css
webService|2021-02-24T16:25:42.646Z|GET|localhost:1020/css/bootstrap.min.css
webService|2021-02-24T16:25:42.646Z|GET|localhost:1020/js/jquery.min.js
webService|2021-02-24T16:25:42.647Z|GET|localhost:1020/js/bootstrap.min.js
webService|2021-02-24T16:25:42.662Z|GET|localhost:1020/img/23131.png
webService|2021-02-24T16:25:42.705Z|GET|localhost:1020/img/23131.png
webService|2021-02-24T16:25:42.705Z|GET|localhost:1020/img/3e07e002d69fe35de9c20050cf3bcd82.jpg
webService|2021-02-24T16:26:55.638Z|GET|localhost:1020/recipe
webService|2021-02-24T16:26:55.704Z|GET|localhost:1020/css/style.css
webService|2021-02-24T16:26:55.708Z|GET|localhost:1020/css/bootstrap.min.css
webService|2021-02-24T16:26:55.709Z|GET|localhost:1020/js/bootstrap.min.js
webService|2021-02-24T16:26:55.709Z|GET|localhost:1020/js/jquery.min.js
webService|2021-02-24T16:26:55.725Z|GET|localhost:1020/img/23131.png
webService|2021-02-24T16:26:55.784Z|GET|localhost:1020/img/3e07e002d69fe35de9c20050cf3bcd82.jpg
webService|2021-02-24T16:27:42.723Z|GET|localhost:1020/recipe
webService|2021-02-24T16:27:42.868Z|GET|localhost:1020/css/style.css
webService|2021-02-24T16:27:42.876Z|GET|localhost:1020/css/bootstrap.min.css
webService|2021-02-24T16:27:42.877Z|GET|localhost:1020/js/jquery.min.js
webService|2021-02-24T16:27:42.879Z|GET|localhost:1020/js/bootstrap.min.js
webService|2021-02-24T16:27:42.894Z|GET|localhost:1020/img/23131.png
webService|2021-02-24T16:27:42.894Z|GET|localhost:1020/img/3e07e002d69fe35de9c20050cf3bcd82.jpg
webService|2021-02-24T16:27:42.961Z|GET|localhost:1020/img/23131.png
webService|2021-02-24T16:37:28.644Z|GET|localhost:1020/recipe
webService|2021-02-24T16:37:28.711Z|GET|localhost:1020/css/style.css
webService|2021-02-24T16:37:28.716Z|GET|localhost:1020/css/bootstrap.min.css
webService|2021-02-24T16:37:28.717Z|GET|localhost:1020/js/bootstrap.min.js
webService|2021-02-24T16:37:28.717Z|GET|localhost:1020/js/jquery.min.js
webService|2021-02-24T16:37:28.738Z|GET|localhost:1020/img/23131.png
webService|2021-02-24T16:37:28.776Z|GET|localhost:1020/img/3e07e002d69fe35de9c20050cf3bcd82.jpg
webService|2021-02-24T16:37:28.776Z|GET|localhost:1020/img/23131.png
webService|2021-02-24T16:40:48.192Z|GET|localhost:1020/recipe
webService|2021-02-24T16:40:48.267Z|GET|localhost:1020/css/style.css
webService|2021-02-24T16:40:48.271Z|GET|localhost:1020/js/bootstrap.min.js
webService|2021-02-24T16:40:48.272Z|GET|localhost:1020/css/bootstrap.min.css
webService|2021-02-24T16:40:48.273Z|GET|localhost:1020/js/jquery.min.js
webService|2021-02-24T16:40:48.283Z|GET|localhost:1020/img/23131.png
webService|2021-02-24T16:40:48.324Z|GET|localhost:1020/img/3e07e002d69fe35de9c20050cf3bcd82.jpg
webService|2021-02-24T16:40:48.325Z|GET|localhost:1020/img/23131.png
webService|2021-02-24T16:41:26.275Z|GET|localhost:1020/recipe
webService|2021-02-24T16:41:26.333Z|GET|localhost:1020/css/style.css
webService|2021-02-24T16:41:26.337Z|GET|localhost:1020/css/bootstrap.min.css
webService|2021-02-24T16:41:26.339Z|GET|localhost:1020/js/jquery.min.js
webService|2021-02-24T16:41:26.339Z|GET|localhost:1020/js/bootstrap.min.js
webService|2021-02-24T16:41:26.355Z|GET|localhost:1020/img/23131.png
webService|2021-02-24T16:41:26.398Z|GET|localhost:1020/img/3e07e002d69fe35de9c20050cf3bcd82.jpg
webService|2021-02-24T16:41:26.398Z|GET|localhost:1020/img/23131.png
webService|2021-02-24T16:41:56.033Z|GET|localhost:1020/recipe
webService|2021-02-24T16:41:56.096Z|GET|localhost:1020/css/style.css
webService|2021-02-24T16:41:56.100Z|GET|localhost:1020/css/bootstrap.min.css
webService|2021-02-24T16:41:56.101Z|GET|localhost:1020/js/bootstrap.min.js
webService|2021-02-24T16:41:56.101Z|GET|localhost:1020/js/jquery.min.js
webService|2021-02-24T16:41:56.109Z|GET|localhost:1020/img/23131.png
webService|2021-02-24T16:41:56.158Z|GET|localhost:1020/img/3e07e002d69fe35de9c20050cf3bcd82.jpg
webService|2021-02-24T16:41:56.158Z|GET|localhost:1020/img/23131.png
webService|2021-02-24T16:42:17.374Z|GET|localhost:1020/recipe
webService|2021-02-24T16:42:17.437Z|GET|localhost:1020/css/style.css
webService|2021-02-24T16:42:17.442Z|GET|localhost:1020/js/jquery.min.js
webService|2021-02-24T16:42:17.441Z|GET|localhost:1020/css/bootstrap.min.css
webService|2021-02-24T16:42:17.442Z|GET|localhost:1020/js/bootstrap.min.js
webService|2021-02-24T16:42:17.451Z|GET|localhost:1020/img/23131.png
webService|2021-02-24T16:42:17.495Z|GET|localhost:1020/img/3e07e002d69fe35de9c20050cf3bcd82.jpg
webService|2021-02-24T16:42:17.496Z|GET|localhost:1020/img/23131.png
webService|2021-02-24T16:42:58.951Z|GET|localhost:1020/recipe
webService|2021-02-24T16:42:59.008Z|GET|localhost:1020/css/style.css
webService|2021-02-24T16:42:59.013Z|GET|localhost:1020/css/bootstrap.min.css
webService|2021-02-24T16:42:59.014Z|GET|localhost:1020/js/bootstrap.min.js
webService|2021-02-24T16:42:59.014Z|GET|localhost:1020/js/jquery.min.js
webService|2021-02-24T16:42:59.032Z|GET|localhost:1020/img/23131.png
webService|2021-02-24T16:42:59.073Z|GET|localhost:1020/img/3e07e002d69fe35de9c20050cf3bcd82.jpg
webService|2021-02-24T16:42:59.073Z|GET|localhost:1020/img/23131.png
webService|2021-02-24T16:44:46.347Z|GET|localhost:1020/recipe
webService|2021-02-24T16:44:46.412Z|GET|localhost:1020/css/style.css
webService|2021-02-24T16:44:46.416Z|GET|localhost:1020/css/bootstrap.min.css
webService|2021-02-24T16:44:46.417Z|GET|localhost:1020/js/jquery.min.js
webService|2021-02-24T16:44:46.418Z|GET|localhost:1020/js/bootstrap.min.js
webService|2021-02-24T16:44:46.425Z|GET|localhost:1020/img/23131.png
webService|2021-02-24T16:44:46.480Z|GET|localhost:1020/img/3e07e002d69fe35de9c20050cf3bcd82.jpg
webService|2021-02-24T16:44:46.481Z|GET|localhost:1020/img/23131.png
webService|2021-02-24T16:45:41.264Z|GET|localhost:1020/recipe
webService|2021-02-24T16:45:41.326Z|GET|localhost:1020/css/style.css
webService|2021-02-24T16:45:41.330Z|GET|localhost:1020/css/bootstrap.min.css
webService|2021-02-24T16:45:41.331Z|GET|localhost:1020/js/jquery.min.js
webService|2021-02-24T16:45:41.332Z|GET|localhost:1020/js/bootstrap.min.js
webService|2021-02-24T16:45:41.347Z|GET|localhost:1020/img/23131.png
webService|2021-02-24T16:45:41.387Z|GET|localhost:1020/img/3e07e002d69fe35de9c20050cf3bcd82.jpg
webService|2021-02-24T16:45:41.387Z|GET|localhost:1020/img/23131.png
webService|2021-02-24T16:46:31.807Z|GET|localhost:1020/recipe
webService|2021-02-24T16:46:31.875Z|GET|localhost:1020/css/style.css
webService|2021-02-24T16:46:31.879Z|GET|localhost:1020/css/bootstrap.min.css
webService|2021-02-24T16:46:31.880Z|GET|localhost:1020/js/jquery.min.js
webService|2021-02-24T16:46:31.880Z|GET|localhost:1020/js/bootstrap.min.js
webService|2021-02-24T16:46:31.892Z|GET|localhost:1020/img/23131.png
webService|2021-02-24T16:46:31.937Z|GET|localhost:1020/img/3e07e002d69fe35de9c20050cf3bcd82.jpg
webService|2021-02-24T16:46:31.937Z|GET|localhost:1020/img/23131.png
webService|2021-02-24T16:46:32.921Z|GET|localhost:1020/recipe
webService|2021-02-24T16:46:32.960Z|GET|localhost:1020/css/style.css
webService|2021-02-24T16:46:32.961Z|GET|localhost:1020/css/bootstrap.min.css
webService|2021-02-24T16:46:32.962Z|GET|localhost:1020/js/jquery.min.js
webService|2021-02-24T16:46:32.962Z|GET|localhost:1020/js/bootstrap.min.js
webService|2021-02-24T16:46:32.980Z|GET|localhost:1020/img/23131.png
webService|2021-02-24T16:46:33.043Z|GET|localhost:1020/img/3e07e002d69fe35de9c20050cf3bcd82.jpg
webService|2021-02-24T16:46:33.044Z|GET|localhost:1020/img/23131.png
webService|2021-02-24T16:46:46.640Z|GET|localhost:1020/recipe
webService|2021-02-24T16:46:46.693Z|GET|localhost:1020/css/style.css
webService|2021-02-24T16:46:46.697Z|GET|localhost:1020/css/bootstrap.min.css
webService|2021-02-24T16:46:46.698Z|GET|localhost:1020/js/jquery.min.js
webService|2021-02-24T16:46:46.698Z|GET|localhost:1020/js/bootstrap.min.js
webService|2021-02-24T16:46:46.711Z|GET|localhost:1020/img/23131.png
webService|2021-02-24T16:46:46.752Z|GET|localhost:1020/img/23131.png
webService|2021-02-24T16:46:46.752Z|GET|localhost:1020/img/3e07e002d69fe35de9c20050cf3bcd82.jpg
webService|2021-02-24T16:47:07.212Z|GET|localhost:1020/recipe
webService|2021-02-24T16:47:07.262Z|GET|localhost:1020/css/style.css
webService|2021-02-24T16:47:07.265Z|GET|localhost:1020/js/bootstrap.min.js
webService|2021-02-24T16:47:07.266Z|GET|localhost:1020/js/jquery.min.js
webService|2021-02-24T16:47:07.267Z|GET|localhost:1020/css/bootstrap.min.css
webService|2021-02-24T16:47:07.288Z|GET|localhost:1020/img/23131.png
webService|2021-02-24T16:47:07.330Z|GET|localhost:1020/img/3e07e002d69fe35de9c20050cf3bcd82.jpg
webService|2021-02-24T16:47:07.330Z|GET|localhost:1020/img/23131.png
webService|2021-02-24T16:47:27.713Z|GET|localhost:1020/recipe
webService|2021-02-24T16:47:27.764Z|GET|localhost:1020/css/style.css
webService|2021-02-24T16:47:27.768Z|GET|localhost:1020/css/bootstrap.min.css
webService|2021-02-24T16:47:27.769Z|GET|localhost:1020/js/jquery.min.js
webService|2021-02-24T16:47:27.770Z|GET|localhost:1020/js/bootstrap.min.js
webService|2021-02-24T16:47:27.785Z|GET|localhost:1020/img/23131.png
webService|2021-02-24T16:47:27.823Z|GET|localhost:1020/img/3e07e002d69fe35de9c20050cf3bcd82.jpg
webService|2021-02-24T16:47:27.824Z|GET|localhost:1020/img/23131.png
webService|2021-02-24T16:48:06.855Z|GET|localhost:1020/recipe
webService|2021-02-24T16:48:06.921Z|GET|localhost:1020/css/style.css
webService|2021-02-24T16:48:06.925Z|GET|localhost:1020/js/jquery.min.js
webService|2021-02-24T16:48:06.924Z|GET|localhost:1020/css/bootstrap.min.css
webService|2021-02-24T16:48:06.926Z|GET|localhost:1020/js/bootstrap.min.js
webService|2021-02-24T16:48:06.941Z|GET|localhost:1020/img/23131.png
webService|2021-02-24T16:48:06.988Z|GET|localhost:1020/img/3e07e002d69fe35de9c20050cf3bcd82.jpg
webService|2021-02-24T16:48:06.989Z|GET|localhost:1020/img/23131.png
webService|2021-02-24T16:48:39.625Z|GET|localhost:1020/recipe
webService|2021-02-24T16:48:39.683Z|GET|localhost:1020/css/style.css
webService|2021-02-24T16:48:39.688Z|GET|localhost:1020/css/bootstrap.min.css
webService|2021-02-24T16:48:39.689Z|GET|localhost:1020/js/bootstrap.min.js
webService|2021-02-24T16:48:39.689Z|GET|localhost:1020/js/jquery.min.js
webService|2021-02-24T16:48:39.706Z|GET|localhost:1020/img/23131.png
webService|2021-02-24T16:48:39.739Z|GET|localhost:1020/img/3e07e002d69fe35de9c20050cf3bcd82.jpg
webService|2021-02-24T16:48:39.739Z|GET|localhost:1020/img/23131.png
webService|2021-02-24T16:49:10.329Z|GET|localhost:1020/recipe
webService|2021-02-24T16:49:10.384Z|GET|localhost:1020/css/style.css
webService|2021-02-24T16:49:10.388Z|GET|localhost:1020/css/bootstrap.min.css
webService|2021-02-24T16:49:10.389Z|GET|localhost:1020/js/jquery.min.js
webService|2021-02-24T16:49:10.389Z|GET|localhost:1020/js/bootstrap.min.js
webService|2021-02-24T16:49:10.402Z|GET|localhost:1020/img/23131.png
webService|2021-02-24T16:49:10.446Z|GET|localhost:1020/img/3e07e002d69fe35de9c20050cf3bcd82.jpg
webService|2021-02-24T16:49:10.446Z|GET|localhost:1020/img/23131.png
webService|2021-02-24T16:49:36.474Z|GET|localhost:1020/recipe
webService|2021-02-24T16:49:36.539Z|GET|localhost:1020/css/style.css
webService|2021-02-24T16:49:36.544Z|GET|localhost:1020/css/bootstrap.min.css
webService|2021-02-24T16:49:36.544Z|GET|localhost:1020/js/bootstrap.min.js
webService|2021-02-24T16:49:36.544Z|GET|localhost:1020/js/jquery.min.js
webService|2021-02-24T16:49:36.562Z|GET|localhost:1020/img/23131.png
webService|2021-02-24T16:49:36.603Z|GET|localhost:1020/img/3e07e002d69fe35de9c20050cf3bcd82.jpg
webService|2021-02-24T16:49:36.604Z|GET|localhost:1020/img/23131.png
webService|2021-02-24T16:49:43.326Z|GET|localhost:1020/recipe
webService|2021-02-24T16:49:43.394Z|GET|localhost:1020/css/style.css
webService|2021-02-24T16:49:43.399Z|GET|localhost:1020/css/bootstrap.min.css
webService|2021-02-24T16:49:43.400Z|GET|localhost:1020/js/bootstrap.min.js
webService|2021-02-24T16:49:43.401Z|GET|localhost:1020/js/jquery.min.js
webService|2021-02-24T16:49:43.408Z|GET|localhost:1020/img/23131.png
webService|2021-02-24T16:49:43.452Z|GET|localhost:1020/img/3e07e002d69fe35de9c20050cf3bcd82.jpg
webService|2021-02-24T16:49:43.453Z|GET|localhost:1020/img/23131.png
webService|2021-02-24T16:50:29.624Z|GET|localhost:1020/recipe
webService|2021-02-24T16:50:29.680Z|GET|localhost:1020/css/style.css
webService|2021-02-24T16:50:29.687Z|GET|localhost:1020/css/bootstrap.min.css
webService|2021-02-24T16:50:29.688Z|GET|localhost:1020/js/bootstrap.min.js
webService|2021-02-24T16:50:29.689Z|GET|localhost:1020/js/jquery.min.js
webService|2021-02-24T16:50:29.701Z|GET|localhost:1020/img/23131.png
webService|2021-02-24T16:50:29.745Z|GET|localhost:1020/img/3e07e002d69fe35de9c20050cf3bcd82.jpg
webService|2021-02-24T16:50:29.745Z|GET|localhost:1020/img/23131.png
webService|2021-02-24T16:50:54.333Z|GET|localhost:1020/recipe
webService|2021-02-24T16:50:54.390Z|GET|localhost:1020/css/style.css
webService|2021-02-24T16:50:54.395Z|GET|localhost:1020/js/bootstrap.min.js
webService|2021-02-24T16:50:54.395Z|GET|localhost:1020/js/jquery.min.js
webService|2021-02-24T16:50:54.396Z|GET|localhost:1020/css/bootstrap.min.css
webService|2021-02-24T16:50:54.408Z|GET|localhost:1020/img/23131.png
webService|2021-02-24T16:50:54.450Z|GET|localhost:1020/img/3e07e002d69fe35de9c20050cf3bcd82.jpg
webService|2021-02-24T16:50:54.450Z|GET|localhost:1020/img/23131.png
webService|2021-02-24T16:52:10.575Z|GET|localhost:1020/recipe
webService|2021-02-24T16:52:10.628Z|GET|localhost:1020/css/style.css
webService|2021-02-24T16:52:10.633Z|GET|localhost:1020/css/bootstrap.min.css
webService|2021-02-24T16:52:10.634Z|GET|localhost:1020/js/bootstrap.min.js
webService|2021-02-24T16:52:10.633Z|GET|localhost:1020/js/jquery.min.js
webService|2021-02-24T16:52:10.649Z|GET|localhost:1020/img/23131.png
webService|2021-02-24T16:52:10.683Z|GET|localhost:1020/img/3e07e002d69fe35de9c20050cf3bcd82.jpg
webService|2021-02-24T16:52:10.683Z|GET|localhost:1020/img/23131.png
webService|2021-02-24T16:52:16.905Z|GET|localhost:1020/recipe
webService|2021-02-24T16:52:16.963Z|GET|localhost:1020/css/style.css
webService|2021-02-24T16:52:16.967Z|GET|localhost:1020/css/bootstrap.min.css
webService|2021-02-24T16:52:16.968Z|GET|localhost:1020/js/bootstrap.min.js
webService|2021-02-24T16:52:16.969Z|GET|localhost:1020/js/jquery.min.js
webService|2021-02-24T16:52:16.989Z|GET|localhost:1020/img/23131.png
webService|2021-02-24T16:52:17.032Z|GET|localhost:1020/img/3e07e002d69fe35de9c20050cf3bcd82.jpg
webService|2021-02-24T16:52:17.033Z|GET|localhost:1020/img/23131.png
webService|2021-02-24T16:52:22.414Z|GET|localhost:1020/recipe
webService|2021-02-24T16:52:22.473Z|GET|localhost:1020/css/style.css
webService|2021-02-24T16:52:22.477Z|GET|localhost:1020/css/bootstrap.min.css
webService|2021-02-24T16:52:22.478Z|GET|localhost:1020/js/jquery.min.js
webService|2021-02-24T16:52:22.479Z|GET|localhost:1020/js/bootstrap.min.js
webService|2021-02-24T16:52:22.494Z|GET|localhost:1020/img/23131.png
webService|2021-02-24T16:52:22.533Z|GET|localhost:1020/img/3e07e002d69fe35de9c20050cf3bcd82.jpg
webService|2021-02-24T16:52:22.534Z|GET|localhost:1020/img/23131.png
webService|2021-02-24T16:53:11.571Z|GET|localhost:1020/recipe
webService|2021-02-24T16:53:11.657Z|GET|localhost:1020/css/style.css
webService|2021-02-24T16:53:11.680Z|GET|localhost:1020/css/bootstrap.min.css
webService|2021-02-24T16:53:11.682Z|GET|localhost:1020/js/bootstrap.min.js
webService|2021-02-24T16:53:11.683Z|GET|localhost:1020/js/jquery.min.js
webService|2021-02-24T16:53:11.690Z|GET|localhost:1020/img/23131.png
webService|2021-02-24T16:53:11.775Z|GET|localhost:1020/img/3e07e002d69fe35de9c20050cf3bcd82.jpg
webService|2021-02-24T16:53:11.776Z|GET|localhost:1020/img/23131.png
webService|2021-02-24T16:53:51.577Z|GET|localhost:1020/recipe
webService|2021-02-24T16:53:51.667Z|GET|localhost:1020/css/style.css
webService|2021-02-24T16:53:51.684Z|GET|localhost:1020/css/bootstrap.min.css
webService|2021-02-24T16:53:51.695Z|GET|localhost:1020/js/bootstrap.min.js
webService|2021-02-24T16:53:51.696Z|GET|localhost:1020/js/jquery.min.js
webService|2021-02-24T16:53:51.701Z|GET|localhost:1020/img/23131.png
webService|2021-02-24T16:53:51.780Z|GET|localhost:1020/img/3e07e002d69fe35de9c20050cf3bcd82.jpg
webService|2021-02-24T16:53:51.781Z|GET|localhost:1020/img/23131.png
webService|2021-02-24T16:53:53.328Z|GET|localhost:1020/recipe
webService|2021-02-24T16:53:53.396Z|GET|localhost:1020/css/style.css
webService|2021-02-24T16:53:53.397Z|GET|localhost:1020/css/bootstrap.min.css
webService|2021-02-24T16:53:53.397Z|GET|localhost:1020/js/jquery.min.js
webService|2021-02-24T16:53:53.399Z|GET|localhost:1020/js/bootstrap.min.js
webService|2021-02-24T16:53:53.405Z|GET|localhost:1020/img/23131.png
webService|2021-02-24T16:53:53.495Z|GET|localhost:1020/img/3e07e002d69fe35de9c20050cf3bcd82.jpg
webService|2021-02-24T16:53:53.495Z|GET|localhost:1020/img/23131.png
webService|2021-02-24T16:54:00.423Z|GET|localhost:1020/recipe
webService|2021-02-24T16:54:00.516Z|GET|localhost:1020/css/style.css
webService|2021-02-24T16:54:00.521Z|GET|localhost:1020/css/bootstrap.min.css
webService|2021-02-24T16:54:00.537Z|GET|localhost:1020/js/bootstrap.min.js
webService|2021-02-24T16:54:00.538Z|GET|localhost:1020/js/jquery.min.js
webService|2021-02-24T16:54:00.545Z|GET|localhost:1020/img/23131.png
webService|2021-02-24T16:54:00.634Z|GET|localhost:1020/img/3e07e002d69fe35de9c20050cf3bcd82.jpg
webService|2021-02-24T16:54:00.635Z|GET|localhost:1020/img/23131.png
webService|2021-02-24T16:54:47.820Z|GET|localhost:1020/recipe
webService|2021-02-24T16:54:47.923Z|GET|localhost:1020/css/style.css
webService|2021-02-24T16:54:47.937Z|GET|localhost:1020/css/bootstrap.min.css
webService|2021-02-24T16:54:47.941Z|GET|localhost:1020/js/bootstrap.min.js
webService|2021-02-24T16:54:47.941Z|GET|localhost:1020/js/jquery.min.js
webService|2021-02-24T16:54:47.950Z|GET|localhost:1020/img/23131.png
webService|2021-02-24T16:54:48.024Z|GET|localhost:1020/img/3e07e002d69fe35de9c20050cf3bcd82.jpg
webService|2021-02-24T16:54:48.024Z|GET|localhost:1020/img/23131.png
webService|2021-02-24T16:54:49.206Z|GET|localhost:1020/recipe
webService|2021-02-24T16:54:49.257Z|GET|localhost:1020/css/style.css
webService|2021-02-24T16:54:49.257Z|GET|localhost:1020/css/bootstrap.min.css
webService|2021-02-24T16:54:49.258Z|GET|localhost:1020/js/jquery.min.js
webService|2021-02-24T16:54:49.258Z|GET|localhost:1020/js/bootstrap.min.js
webService|2021-02-24T16:54:49.267Z|GET|localhost:1020/img/23131.png
webService|2021-02-24T16:54:49.352Z|GET|localhost:1020/img/3e07e002d69fe35de9c20050cf3bcd82.jpg
webService|2021-02-24T16:54:49.352Z|GET|localhost:1020/img/23131.png
webService|2021-02-24T16:54:55.440Z|GET|localhost:1020/recipe
webService|2021-02-24T16:54:55.497Z|GET|localhost:1020/css/style.css
webService|2021-02-24T16:54:55.529Z|GET|localhost:1020/css/bootstrap.min.css
webService|2021-02-24T16:54:55.543Z|GET|localhost:1020/js/bootstrap.min.js
webService|2021-02-24T16:54:55.543Z|GET|localhost:1020/js/jquery.min.js
webService|2021-02-24T16:54:55.549Z|GET|localhost:1020/img/23131.png
webService|2021-02-24T16:54:55.640Z|GET|localhost:1020/img/3e07e002d69fe35de9c20050cf3bcd82.jpg
webService|2021-02-24T16:54:55.641Z|GET|localhost:1020/img/23131.png
webService|2021-02-24T16:55:27.441Z|GET|localhost:1020/recipe
webService|2021-02-24T16:55:27.554Z|GET|localhost:1020/css/style.css
webService|2021-02-24T16:55:27.566Z|GET|localhost:1020/css/bootstrap.min.css
webService|2021-02-24T16:55:27.573Z|GET|localhost:1020/js/bootstrap.min.js
webService|2021-02-24T16:55:27.574Z|GET|localhost:1020/js/jquery.min.js
webService|2021-02-24T16:55:27.581Z|GET|localhost:1020/img/23131.png
webService|2021-02-24T16:55:27.827Z|GET|localhost:1020/img/3e07e002d69fe35de9c20050cf3bcd82.jpg
webService|2021-02-24T16:55:27.828Z|GET|localhost:1020/img/23131.png
webService|2021-02-24T16:55:37.102Z|GET|localhost:1020/recipe
webService|2021-02-24T16:55:37.200Z|GET|localhost:1020/css/style.css
webService|2021-02-24T16:55:37.205Z|GET|localhost:1020/css/bootstrap.min.css
webService|2021-02-24T16:55:37.223Z|GET|localhost:1020/js/bootstrap.min.js
webService|2021-02-24T16:55:37.224Z|GET|localhost:1020/js/jquery.min.js
webService|2021-02-24T16:55:37.237Z|GET|localhost:1020/img/23131.png
webService|2021-02-24T16:55:37.330Z|GET|localhost:1020/img/3e07e002d69fe35de9c20050cf3bcd82.jpg
webService|2021-02-24T16:55:37.330Z|GET|localhost:1020/img/23131.png
webService|2021-02-24T16:56:07.687Z|GET|localhost:1020/recipe
webService|2021-02-24T16:56:07.801Z|GET|localhost:1020/css/style.css
webService|2021-02-24T16:56:07.815Z|GET|localhost:1020/css/bootstrap.min.css
webService|2021-02-24T16:56:07.821Z|GET|localhost:1020/js/bootstrap.min.js
webService|2021-02-24T16:56:07.821Z|GET|localhost:1020/js/jquery.min.js
webService|2021-02-24T16:56:07.834Z|GET|localhost:1020/img/23131.png
webService|2021-02-24T16:56:07.910Z|GET|localhost:1020/img/3e07e002d69fe35de9c20050cf3bcd82.jpg
webService|2021-02-24T16:56:07.910Z|GET|localhost:1020/img/23131.png
webService|2021-02-24T16:56:19.165Z|GET|localhost:1020/recipe
webService|2021-02-24T16:56:19.262Z|GET|localhost:1020/css/style.css
webService|2021-02-24T16:56:19.283Z|GET|localhost:1020/css/bootstrap.min.css
webService|2021-02-24T16:56:19.288Z|GET|localhost:1020/js/bootstrap.min.js
webService|2021-02-24T16:56:19.289Z|GET|localhost:1020/js/jquery.min.js
webService|2021-02-24T16:56:19.294Z|GET|localhost:1020/img/23131.png
webService|2021-02-24T16:56:19.364Z|GET|localhost:1020/img/3e07e002d69fe35de9c20050cf3bcd82.jpg
webService|2021-02-24T16:56:19.365Z|GET|localhost:1020/img/23131.png
webService|2021-02-24T16:56:37.591Z|GET|localhost:1020/recipe
webService|2021-02-24T16:56:37.683Z|GET|localhost:1020/css/style.css
webService|2021-02-24T16:56:37.702Z|GET|localhost:1020/css/bootstrap.min.css
webService|2021-02-24T16:56:37.713Z|GET|localhost:1020/js/bootstrap.min.js
webService|2021-02-24T16:56:37.714Z|GET|localhost:1020/js/jquery.min.js
webService|2021-02-24T16:56:37.719Z|GET|localhost:1020/img/23131.png
webService|2021-02-24T16:56:37.783Z|GET|localhost:1020/img/3e07e002d69fe35de9c20050cf3bcd82.jpg
webService|2021-02-24T16:56:37.783Z|GET|localhost:1020/img/23131.png
webService|2021-03-11T18:45:47.363Z|GET|localhost:1020/
webService|2021-03-11T18:45:47.445Z|GET|localhost:1020/style.css
webService|2021-03-11T18:45:47.453Z|GET|localhost:1020/patata.js
webService|2021-03-11T18:45:47.512Z|GET|localhost:1020/favicon.ico
webService|2021-03-11T18:46:24.861Z|GET|localhost:1020/new-recipe
webService|2021-03-11T18:46:24.901Z|GET|localhost:1020/js/new-recipe.js
webService|2021-03-11T18:47:28.183Z|GET|localhost:1020/new-recipe
webService|2021-03-11T18:47:28.228Z|GET|localhost:1020/js/new-recipe.js
webService|2021-03-11T18:47:36.823Z|GET|localhost:1020/new-recipe
webService|2021-03-11T18:47:36.859Z|GET|localhost:1020/js/new-recipe.js
webService|2021-03-11T18:47:46.763Z|GET|localhost:1020/new-recipe
webService|2021-03-11T18:47:46.799Z|GET|localhost:1020/js/new-recipe.js
webService|2021-03-11T18:49:50.654Z|GET|localhost:1020/new-recipe
webService|2021-03-11T18:49:50.701Z|GET|localhost:1020/js/new-recipe.js
webService|2021-03-11T18:50:09.922Z|GET|localhost:1020/new-recipe
webService|2021-03-11T18:50:09.969Z|GET|localhost:1020/js/new-recipe.js
webService|2021-03-11T18:50:23.334Z|GET|localhost:1020/new-recipe
webService|2021-03-11T18:50:23.373Z|GET|localhost:1020/js/new-recipe.js
webService|2021-03-11T18:50:24.299Z|GET|localhost:1020/new-recipe?author=&name=&descripcion=&frontImage=&descriptionImage=
webService|2021-03-11T18:50:24.332Z|GET|localhost:1020/js/new-recipe.js
webService|2021-03-11T18:50:24.950Z|GET|localhost:1020/new-recipe?author=&name=&descripcion=&frontImage=&descriptionImage=
webService|2021-03-11T18:50:24.982Z|GET|localhost:1020/js/new-recipe.js
webService|2021-03-11T18:50:25.943Z|GET|localhost:1020/new-recipe?author=&name=&descripcion=&frontImage=&descriptionImage=
webService|2021-03-11T18:50:25.974Z|GET|localhost:1020/js/new-recipe.js
webService|2021-03-11T18:50:55.419Z|GET|localhost:1020/new-recipe?author=&name=&descripcion=&frontImage=&descriptionImage=
webService|2021-03-11T18:50:55.463Z|GET|localhost:1020/js/new-recipe.js
webService|2021-03-11T18:51:05.510Z|GET|localhost:1020/new-recipe?author=&name=&descripcion=&frontImage=&descriptionImage=
webService|2021-03-11T18:51:05.547Z|GET|localhost:1020/js/new-recipe.js
webService|2021-03-11T18:51:42.145Z|GET|localhost:1020/new-recipe?author=&name=&descripcion=&frontImage=&descriptionImage=
webService|2021-03-11T18:51:42.194Z|GET|localhost:1020/js/new-recipe.js
webService|2021-03-11T18:53:54.129Z|GET|localhost:1020/new-recipe?author=&name=&descripcion=&frontImage=&descriptionImage=
webService|2021-03-11T18:53:54.185Z|GET|localhost:1020/js/new-recipe.js
webService|2021-03-11T18:55:17.644Z|GET|localhost:1020/new-recipe?author=&name=&descripcion=&frontImage=&descriptionImage=
webService|2021-03-11T18:55:17.688Z|GET|localhost:1020/js/new-recipe.js
webService|2021-03-11T18:55:34.606Z|GET|localhost:1020/new-recipe?author=&name=&descripcion=&frontImage=&descriptionImage=
webService|2021-03-11T18:55:34.645Z|GET|localhost:1020/js/new-recipe.js
webService|2021-03-11T19:17:52.516Z|GET|localhost:1020/new-recipe?author=&name=&descripcion=&frontImage=&descriptionImage=
webService|2021-03-11T19:17:52.572Z|GET|localhost:1020/js/new-recipe.js
webService|2021-03-11T19:18:23.620Z|GET|localhost:1020/new-recipe?author=&name=&descripcion=&frontImage=&descriptionImage=
webService|2021-03-11T19:18:23.669Z|GET|localhost:1020/js/new-recipe.js
webService|2021-03-11T19:18:59.612Z|GET|localhost:1020/new-recipe?author=&name=&descripcion=&frontImage=&descriptionImage=
webService|2021-03-11T19:18:59.668Z|GET|localhost:1020/js/new-recipe.js
webService|2021-03-11T19:19:37.487Z|GET|localhost:1020/new-recipe?author=&name=&descripcion=&frontImage=&descriptionImage=
webService|2021-03-11T19:19:37.530Z|GET|localhost:1020/js/new-recipe.js
webService|2021-03-11T19:19:46.160Z|POST|localhost:1020/new-recipe
webService|2021-03-11T19:21:10.158Z|POST|localhost:1020/new-recipe
webService|2021-03-11T19:22:18.332Z|POST|localhost:1020/new-recipe
webService|2021-03-11T19:23:32.943Z|GET|localhost:1020/new-recipe?author=&name=&descripcion=&frontImage=&descriptionImage=
webService|2021-03-11T19:23:32.992Z|GET|localhost:1020/js/new-recipe.js
webService|2021-03-11T19:24:12.207Z|POST|localhost:1020/new-recipe
webService|2021-03-11T19:24:39.511Z|GET|localhost:1020/new-recipe?author=&name=&descripcion=&frontImage=&descriptionImage=
webService|2021-03-11T19:24:39.553Z|GET|localhost:1020/js/new-recipe.js
webService|2021-03-11T19:29:03.292Z|GET|localhost:1020/new-recipe?author=&name=&descripcion=&frontImage=&descriptionImage=
webService|2021-03-11T19:29:03.339Z|GET|localhost:1020/js/new-recipe.js
api|2021-03-11T19:29:57.122Z|OPTIONS|localhost:1021/new-recipe
webService|2021-03-11T19:54:53.704Z|GET|localhost:1020/new-recipe?author=&name=&descripcion=&frontImage=&descriptionImage=
webService|2021-03-11T19:54:53.743Z|GET|localhost:1020/js/new-recipe.js
webService|2021-03-11T19:58:38.114Z|GET|localhost:1020/new-recipe?author=&name=&descripcion=&frontImage=&descriptionImage=
webService|2021-03-11T19:58:38.162Z|GET|localhost:1020/js/new-recipe.js
api|2021-03-11T20:07:45.513Z|OPTIONS|localhost:1021/new-recipe
api|2021-03-11T20:07:45.565Z|POST|localhost:1021/new-recipe
api|2021-03-11T20:11:39.433Z|OPTIONS|localhost:1021/new-recipe
api|2021-03-11T20:11:39.477Z|POST|localhost:1021/new-recipe
api|2021-03-11T20:11:52.864Z|OPTIONS|localhost:1021/new-recipe
api|2021-03-11T20:11:52.906Z|POST|localhost:1021/new-recipe
api|2021-03-11T20:12:58.839Z|OPTIONS|localhost:1021/new-recipe
api|2021-03-11T20:12:58.859Z|POST|localhost:1021/new-recipe
api|2021-03-11T20:14:50.126Z|OPTIONS|localhost:1021/new-recipe
webService|2021-03-11T20:18:23.516Z|GET|localhost:1020/new-recipe?author=&name=&descripcion=&frontImage=&descriptionImage=
webService|2021-03-11T20:18:23.576Z|GET|localhost:1020/js/new-recipe.js
api|2021-03-11T20:14:50.145Z|POST|localhost:1021/new-recipe
api|2021-03-11T20:19:00.606Z|OPTIONS|localhost:1021/new-recipe
api|2021-03-11T20:19:00.610Z|OPTIONS|localhost:1021/new-recipe
api|2021-03-11T20:19:00.612Z|OPTIONS|localhost:1021/new-recipe
api|2021-03-11T20:19:00.617Z|OPTIONS|localhost:1021/new-recipe
api|2021-03-11T20:19:00.619Z|OPTIONS|localhost:1021/new-recipe
api|2021-03-11T20:19:00.623Z|OPTIONS|localhost:1021/new-recipe
api|2021-03-11T20:19:00.635Z|OPTIONS|localhost:1021/new-recipe
api|2021-03-11T20:19:00.628Z|OPTIONS|localhost:1021/new-recipe
api|2021-03-11T20:19:00.642Z|OPTIONS|localhost:1021/new-recipe
api|2021-03-11T20:19:00.644Z|OPTIONS|localhost:1021/new-recipe
api|2021-03-11T20:19:00.650Z|OPTIONS|localhost:1021/new-recipe
api|2021-03-11T20:19:00.661Z|POST|localhost:1021/new-recipe
api|2021-03-11T20:19:04.129Z|POST|localhost:1021/new-recipe
api|2021-03-11T20:19:08.116Z|POST|localhost:1021/new-recipe
api|2021-03-11T20:19:08.154Z|POST|localhost:1021/new-recipe
api|2021-03-11T20:21:25.494Z|OPTIONS|localhost:1021/new-recipe
api|2021-03-11T20:22:38.701Z|OPTIONS|localhost:1021/new-recipe
api|2021-03-11T20:22:38.749Z|POST|localhost:1021/new-recipe
api|2021-03-11T20:22:48.528Z|OPTIONS|localhost:1021/new-recipe
api|2021-03-11T20:22:48.546Z|POST|localhost:1021/new-recipe
webService|2021-03-11T20:23:43.641Z|GET|localhost:1020/new-recipe?author=&name=&descripcion=&frontImage=&descriptionImage=
webService|2021-03-11T20:23:43.696Z|GET|localhost:1020/js/new-recipe.js
api|2021-03-11T20:23:51.662Z|OPTIONS|localhost:1021/new-recipe
api|2021-03-11T20:23:51.718Z|POST|localhost:1021/new-recipe
api|2021-03-11T20:25:18.485Z|OPTIONS|localhost:1021/new-recipe
api|2021-03-11T20:25:18.563Z|POST|localhost:1021/new-recipe
api|2021-03-11T20:26:16.416Z|OPTIONS|localhost:1021/new-recipe
api|2021-03-11T20:26:16.433Z|POST|localhost:1021/new-recipe
api|2021-03-11T20:26:46.590Z|OPTIONS|localhost:1021/new-recipe
api|2021-03-11T20:26:46.636Z|POST|localhost:1021/new-recipe
api|2021-03-11T20:27:30.425Z|OPTIONS|localhost:1021/new-recipe
api|2021-03-11T20:27:30.471Z|POST|localhost:1021/new-recipe
api|2021-03-11T20:27:37.923Z|OPTIONS|localhost:1021/new-recipe
api|2021-03-11T20:27:37.937Z|POST|localhost:1021/new-recipe
api|2021-03-11T20:31:22.419Z|OPTIONS|localhost:1021/new-recipe
api|2021-03-11T20:34:47.069Z|OPTIONS|localhost:1021/new-recipe
api|2021-03-11T20:34:47.111Z|POST|localhost:1021/new-recipe
api|2021-03-11T20:36:02.668Z|OPTIONS|localhost:1021/new-recipe
api|2021-03-11T20:36:02.682Z|POST|localhost:1021/new-recipe
api|2021-03-11T20:37:44.454Z|OPTIONS|localhost:1021/new-recipe
api|2021-03-11T20:37:44.500Z|POST|localhost:1021/new-recipe
api|2021-03-11T20:40:13.050Z|OPTIONS|localhost:1021/new-recipe
api|2021-03-11T20:40:13.104Z|POST|localhost:1021/new-recipe
api|2021-03-11T20:41:45.314Z|OPTIONS|localhost:1021/new-recipe
api|2021-03-11T20:41:45.363Z|POST|localhost:1021/new-recipe
api|2021-03-11T20:41:49.806Z|POST|localhost:1021/new-recipe
api|2021-03-11T20:41:54.177Z|OPTIONS|localhost:1021/new-recipe
api|2021-03-11T20:41:54.192Z|POST|localhost:1021/new-recipe
api|2021-03-11T20:41:55.082Z|POST|localhost:1021/new-recipe
api|2021-03-11T20:43:36.181Z|OPTIONS|localhost:1021/new-recipe
api|2021-03-11T20:43:36.224Z|POST|localhost:1021/new-recipe
api|2021-03-11T20:43:56.359Z|OPTIONS|localhost:1021/new-recipe
api|2021-03-11T20:43:56.404Z|POST|localhost:1021/new-recipe
api|2021-03-11T20:44:40.598Z|OPTIONS|localhost:1021/new-recipe
api|2021-03-11T20:44:40.640Z|POST|localhost:1021/new-recipe
api|2021-03-11T20:55:48.160Z|OPTIONS|localhost:1021/new-recipe
api|2021-03-11T20:55:48.204Z|POST|localhost:1021/new-recipe
api|2021-03-11T21:00:07.998Z|OPTIONS|localhost:1021/new-recipe
api|2021-03-11T21:00:08.044Z|POST|localhost:1021/new-recipe
api|2021-03-11T21:14:07.741Z|OPTIONS|localhost:1021/new-recipe
api|2021-03-11T21:14:07.783Z|POST|localhost:1021/new-recipe
api|2021-03-11T21:14:48.355Z|OPTIONS|localhost:1021/new-recipe
api|2021-03-11T21:14:48.397Z|POST|localhost:1021/new-recipe
api|2021-03-11T21:14:59.844Z|OPTIONS|localhost:1021/new-recipe
api|2021-03-11T21:14:59.888Z|POST|localhost:1021/new-recipe
api|2021-03-11T21:16:37.779Z|OPTIONS|localhost:1021/new-recipe
api|2021-03-11T21:16:37.823Z|POST|localhost:1021/new-recipe
api|2021-03-11T21:17:38.534Z|OPTIONS|localhost:1021/new-recipe
api|2021-03-11T21:17:38.584Z|POST|localhost:1021/new-recipe
webService|2021-03-11T21:18:14.941Z|GET|localhost:1020/new-recipe?author=&name=&descripcion=&frontImage=&descriptionImage=
webService|2021-03-11T21:18:14.995Z|GET|localhost:1020/js/new-recipe.js
api|2021-03-11T21:18:23.646Z|OPTIONS|localhost:1021/new-recipe
api|2021-03-11T21:18:23.660Z|POST|localhost:1021/new-recipe
api|2021-03-11T21:42:29.292Z|OPTIONS|localhost:1021/new-recipe
api|2021-03-11T21:42:29.339Z|POST|localhost:1021/new-recipe
api|2021-03-11T21:43:29.330Z|OPTIONS|localhost:1021/new-recipe
api|2021-03-11T21:43:29.378Z|POST|localhost:1021/new-recipe
api|2021-03-11T21:43:48.260Z|OPTIONS|localhost:1021/new-recipe
api|2021-03-11T21:43:48.310Z|POST|localhost:1021/new-recipe
api|2021-03-11T21:45:30.435Z|OPTIONS|localhost:1021/new-recipe
api|2021-03-11T21:45:30.481Z|POST|localhost:1021/new-recipe
api|2021-03-11T21:49:26.900Z|OPTIONS|localhost:1021/new-recipe
api|2021-03-11T21:50:19.321Z|POST|localhost:1021/new-recipe
api|2021-03-11T21:52:00.340Z|OPTIONS|localhost:1021/new-recipe
api|2021-03-11T21:52:00.384Z|POST|localhost:1021/new-recipe
api|2021-03-11T21:52:57.197Z|OPTIONS|localhost:1021/new-recipe
api|2021-03-11T21:52:57.242Z|POST|localhost:1021/new-recipe
api|2021-03-11T21:53:12.328Z|OPTIONS|localhost:1021/new-recipe
api|2021-03-11T21:53:12.376Z|POST|localhost:1021/new-recipe
api|2021-03-11T21:55:30.803Z|OPTIONS|localhost:1021/new-recipe
api|2021-03-11T21:55:30.858Z|POST|localhost:1021/new-recipe
api|2021-03-11T21:58:10.226Z|OPTIONS|localhost:1021/new-recipe
api|2021-03-11T21:58:10.273Z|POST|localhost:1021/new-recipe
api|2021-03-11T22:03:05.300Z|OPTIONS|localhost:1021/new-recipe
api|2021-03-11T22:03:05.344Z|POST|localhost:1021/new-recipe
api|2021-03-11T22:03:36.333Z|OPTIONS|localhost:1021/new-recipe
api|2021-03-11T22:03:36.354Z|POST|localhost:1021/new-recipe
api|2021-03-11T22:03:59.969Z|OPTIONS|localhost:1021/new-recipe
api|2021-03-11T22:04:00.022Z|POST|localhost:1021/new-recipe
api|2021-03-11T22:04:19.649Z|OPTIONS|localhost:1021/new-recipe
api|2021-03-11T22:04:19.692Z|POST|localhost:1021/new-recipe
api|2021-03-11T22:04:44.311Z|OPTIONS|localhost:1021/new-recipe
api|2021-03-11T22:04:44.356Z|POST|localhost:1021/new-recipe
api|2021-03-11T22:05:14.627Z|OPTIONS|localhost:1021/new-recipe
api|2021-03-11T22:05:14.672Z|POST|localhost:1021/new-recipe
api|2021-03-11T22:06:44.233Z|OPTIONS|localhost:1021/new-recipe
api|2021-03-11T22:06:44.280Z|POST|localhost:1021/new-recipe
api|2021-03-11T22:07:29.864Z|OPTIONS|localhost:1021/new-recipe
api|2021-03-11T22:07:29.906Z|POST|localhost:1021/new-recipe
api|2021-03-11T22:07:45.109Z|OPTIONS|localhost:1021/new-recipe
api|2021-03-11T22:07:45.125Z|POST|localhost:1021/new-recipe
api|2021-03-11T22:08:37.364Z|OPTIONS|localhost:1021/new-recipe
api|2021-03-11T22:08:37.404Z|POST|localhost:1021/new-recipe
api|2021-03-11T22:08:50.219Z|OPTIONS|localhost:1021/new-recipe
api|2021-03-11T22:08:50.271Z|POST|localhost:1021/new-recipe
api|2021-03-11T22:09:57.629Z|OPTIONS|localhost:1021/new-recipe
api|2021-03-11T22:09:57.680Z|POST|localhost:1021/new-recipe
api|2021-03-11T22:10:01.553Z|POST|localhost:1021/new-recipe
api|2021-03-11T22:11:22.427Z|OPTIONS|localhost:1021/new-recipe
api|2021-03-11T22:11:22.477Z|POST|localhost:1021/new-recipe
api|2021-03-11T22:12:27.644Z|OPTIONS|localhost:1021/new-recipe
api|2021-03-11T22:12:27.659Z|POST|localhost:1021/new-recipe
api|2021-03-11T22:13:11.863Z|OPTIONS|localhost:1021/new-recipe
api|2021-03-11T22:13:11.912Z|POST|localhost:1021/new-recipe
api|2021-03-14T13:43:05.791Z|GET|localhost:1021/
webService|2021-03-14T13:43:08.492Z|GET|localhost:1020/
webService|2021-03-14T13:43:08.561Z|GET|localhost:1020/style.css
webService|2021-03-14T13:43:08.566Z|GET|localhost:1020/patata.js
webService|2021-03-14T13:43:08.588Z|GET|localhost:1020/favicon.ico
webService|2021-03-14T13:48:47.783Z|GET|localhost:1020/new-recipe
webService|2021-03-14T13:48:47.843Z|GET|localhost:1020/js/new-recipe.js
webService|2021-03-14T13:51:48.641Z|GET|localhost:1020/new-recipe
webService|2021-03-14T13:51:48.688Z|GET|localhost:1020/js/new-recipe.js
webService|2021-03-14T13:52:17.656Z|GET|localhost:1020/new-recipe
webService|2021-03-14T13:52:17.703Z|GET|localhost:1020/js/new-recipe.js
webService|2021-03-14T13:53:18.217Z|GET|localhost:1020/new-recipe
webService|2021-03-14T13:53:18.261Z|GET|localhost:1020/js/new-recipe.js
webService|2021-03-14T13:53:33.852Z|GET|localhost:1020/new-recipe
webService|2021-03-14T13:53:33.897Z|GET|localhost:1020/js/new-recipe.js
webService|2021-03-14T13:54:49.242Z|GET|localhost:1020/new-recipe
webService|2021-03-14T13:54:49.286Z|GET|localhost:1020/js/new-recipe.js
webService|2021-03-14T13:57:36.120Z|GET|localhost:1020/new-recipe
webService|2021-03-14T13:57:36.153Z|GET|localhost:1020/js/new-recipe.js
webService|2021-03-14T13:58:30.446Z|GET|localhost:1020/new-recipe
webService|2021-03-14T13:58:30.475Z|GET|localhost:1020/js/new-recipe.js
webService|2021-03-14T14:00:08.279Z|GET|localhost:1020/new-recipe
webService|2021-03-14T14:00:08.309Z|GET|localhost:1020/js/new-recipe.js
webService|2021-03-14T14:05:36.578Z|GET|localhost:1020/new-recipe
webService|2021-03-14T14:05:36.635Z|GET|localhost:1020/js/new-recipe.js
webService|2021-03-14T14:07:52.782Z|GET|localhost:1020/new-recipe
webService|2021-03-14T14:07:52.819Z|GET|localhost:1020/js/new-recipe.js
webService|2021-03-14T14:08:12.102Z|GET|localhost:1020/new-recipe
webService|2021-03-14T14:08:12.138Z|GET|localhost:1020/js/new-recipe.js
webService|2021-03-14T14:08:54.070Z|GET|localhost:1020/new-recipe
webService|2021-03-14T14:08:54.112Z|GET|localhost:1020/js/new-recipe.js
webService|2021-03-14T14:10:22.427Z|GET|localhost:1020/new-recipe
webService|2021-03-14T14:10:22.475Z|GET|localhost:1020/js/new-recipe.js
webService|2021-03-14T14:10:43.555Z|GET|localhost:1020/new-recipe
webService|2021-03-14T14:10:43.591Z|GET|localhost:1020/js/new-recipe.js
webService|2021-03-15T17:46:37.331Z|GET|localhost:1020/
webService|2021-03-15T17:46:37.496Z|GET|localhost:1020/style.css
webService|2021-03-15T17:46:37.500Z|GET|localhost:1020/patata.js
webService|2021-03-15T17:46:37.563Z|GET|localhost:1020/favicon.ico
webService|2021-03-15T17:46:44.513Z|GET|localhost:1020/new-recipe
webService|2021-03-15T17:46:44.570Z|GET|localhost:1020/js/new-recipe.js
webService|2021-03-15T18:05:19.329Z|GET|localhost:1020/new-recipe
webService|2021-03-15T18:05:19.426Z|GET|localhost:1020/js/new-recipe.js
webService|2021-03-15T18:06:00.827Z|GET|localhost:1020/new-recipe
webService|2021-03-15T18:06:00.886Z|GET|localhost:1020/js/new-recipe.js
api|2021-03-15T18:06:03.277Z|OPTIONS|localhost:1021/api/new-recipe
api|2021-03-15T18:06:03.409Z|POST|localhost:1021/api/new-recipe
api|2021-03-15T18:06:07.660Z|POST|localhost:1021/api/new-recipe
api|2021-03-15T18:07:08.016Z|OPTIONS|localhost:1021/api/new-recipe
api|2021-03-15T18:07:08.038Z|POST|localhost:1021/api/new-recipe
webService|2021-03-15T18:07:16.920Z|GET|localhost:1020/new-recipe
webService|2021-03-15T18:07:16.990Z|GET|localhost:1020/js/new-recipe.js
api|2021-03-15T18:07:18.431Z|OPTIONS|localhost:1021/api/new-recipe
api|2021-03-15T18:07:18.448Z|POST|localhost:1021/api/new-recipe
api|2021-03-15T18:07:28.208Z|OPTIONS|localhost:1021/api/new-recipe
webService|2021-03-15T18:08:08.418Z|GET|localhost:1020/new-recipe
webService|2021-03-15T18:08:08.496Z|GET|localhost:1020/js/new-recipe.js
api|2021-03-15T18:08:10.270Z|OPTIONS|localhost:1021/api/new-recipe
api|2021-03-15T18:12:13.627Z|POST|localhost:1021/api/new-recipe
api|2021-03-15T18:12:18.184Z|POST|localhost:1021/api/new-recipe
webService|2021-03-17T10:46:37.585Z|GET|localhost:1020/
webService|2021-03-17T10:46:37.662Z|GET|localhost:1020/style.css
webService|2021-03-17T10:46:37.669Z|GET|localhost:1020/patata.js
webService|2021-03-17T10:46:37.735Z|GET|localhost:1020/favicon.ico
webService|2021-03-17T10:46:43.697Z|GET|localhost:1020/new-recipe
webService|2021-03-17T10:46:43.733Z|GET|localhost:1020/js/new-recipe.js
webService|2021-03-17T10:49:03.158Z|GET|localhost:1020/new-recipe
webService|2021-03-17T10:49:03.203Z|GET|localhost:1020/js/new-recipe.js
webService|2021-03-17T10:49:49.827Z|GET|localhost:1020/new-recipe
webService|2021-03-17T10:49:49.880Z|GET|localhost:1020/js/new-recipe.js
webService|2021-03-17T10:51:40.016Z|GET|localhost:1020/new-recipe
webService|2021-03-17T10:51:40.062Z|GET|localhost:1020/js/new-recipe.js
api|2021-03-17T10:51:50.666Z|OPTIONS|localhost:1021/api/new-recipe
webService|2021-03-17T10:54:34.717Z|GET|localhost:1020/new-recipe
webService|2021-03-17T10:54:34.769Z|GET|localhost:1020/js/new-recipe.js
api|2021-03-17T10:54:48.708Z|OPTIONS|localhost:1021/api/new-recipe
webService|2021-03-17T11:26:57.444Z|GET|localhost:1020/new-recipe
webService|2021-03-17T11:26:57.487Z|GET|localhost:1020/js/new-recipe.js
api|2021-03-17T11:27:06.351Z|OPTIONS|localhost:1021/api/new-recipe
api|2021-03-17T11:27:06.399Z|POST|localhost:1021/api/new-recipe
api|2021-03-17T11:29:14.388Z|OPTIONS|localhost:1021/api/new-recipe
api|2021-03-17T11:38:48.546Z|OPTIONS|localhost:1021/api/new-recipe
api|2021-03-17T11:38:48.593Z|POST|localhost:1021/api/new-recipe
api|2021-03-17T11:39:32.640Z|OPTIONS|localhost:1021/api/new-recipe
api|2021-03-17T11:39:32.654Z|POST|localhost:1021/api/new-recipe
api|2021-03-17T11:39:43.661Z|OPTIONS|localhost:1021/api/new-recipe
api|2021-03-17T11:40:09.599Z|POST|localhost:1021/api/new-recipe
api|2021-03-17T11:40:14.646Z|OPTIONS|localhost:1021/api/new-recipe
api|2021-03-17T11:40:14.661Z|POST|localhost:1021/api/new-recipe
api|2021-03-17T11:40:41.792Z|OPTIONS|localhost:1021/api/new-recipe
webService|2021-03-17T11:41:18.624Z|GET|localhost:1020/new-recipe
webService|2021-03-17T11:41:18.672Z|GET|localhost:1020/js/new-recipe.js
api|2021-03-17T11:41:30.666Z|OPTIONS|localhost:1021/api/new-recipe
api|2021-03-17T11:41:30.711Z|POST|localhost:1021/api/new-recipe
api|2021-03-17T11:41:42.472Z|OPTIONS|localhost:1021/api/new-recipe
api|2021-03-17T11:41:42.484Z|POST|localhost:1021/api/new-recipe
api|2021-03-17T11:41:50.245Z|OPTIONS|localhost:1021/api/new-recipe
api|2021-03-17T11:41:50.256Z|POST|localhost:1021/api/new-recipe
api|2021-03-17T11:42:08.572Z|OPTIONS|localhost:1021/api/new-recipe
api|2021-03-17T11:42:08.583Z|POST|localhost:1021/api/new-recipe
api|2021-03-17T11:42:15.653Z|OPTIONS|localhost:1021/api/new-recipe
api|2021-03-17T11:42:15.666Z|POST|localhost:1021/api/new-recipe
webService|2021-03-17T11:42:17.654Z|GET|localhost:1020/new-recipe
webService|2021-03-17T11:42:17.684Z|GET|localhost:1020/js/new-recipe.js
api|2021-03-17T11:42:32.277Z|OPTIONS|localhost:1021/api/new-recipe
api|2021-03-17T11:42:32.288Z|POST|localhost:1021/api/new-recipe
api|2021-03-17T11:42:54.412Z|OPTIONS|localhost:1021/api/new-recipe
api|2021-03-17T11:42:54.427Z|POST|localhost:1021/api/new-recipe
api|2021-03-17T11:43:07.642Z|OPTIONS|localhost:1021/api/new-recipe
api|2021-03-17T11:43:07.658Z|POST|localhost:1021/api/new-recipe
api|2021-03-17T11:44:33.184Z|OPTIONS|localhost:1021/api/new-recipe
api|2021-03-17T11:44:35.639Z|POST|localhost:1021/api/new-recipe
api|2021-03-17T11:45:19.433Z|OPTIONS|localhost:1021/api/new-recipe
api|2021-03-17T11:45:19.450Z|POST|localhost:1021/api/new-recipe
webService|2021-03-17T11:45:23.569Z|GET|localhost:1020/new-recipe
webService|2021-03-17T11:45:23.611Z|GET|localhost:1020/js/new-recipe.js
api|2021-03-17T11:45:33.033Z|OPTIONS|localhost:1021/api/new-recipe
api|2021-03-17T11:45:33.080Z|POST|localhost:1021/api/new-recipe
api|2021-03-17T11:45:54.149Z|OPTIONS|localhost:1021/api/new-recipe
api|2021-03-17T11:45:54.194Z|POST|localhost:1021/api/new-recipe
webService|2021-03-17T11:45:59.877Z|GET|localhost:1020/new-recipe
webService|2021-03-17T11:45:59.916Z|GET|localhost:1020/js/new-recipe.js
api|2021-03-17T11:46:08.050Z|OPTIONS|localhost:1021/api/new-recipe
api|2021-03-17T11:46:08.062Z|POST|localhost:1021/api/new-recipe
api|2021-03-17T11:47:32.962Z|OPTIONS|localhost:1021/api/new-recipe
api|2021-03-17T11:47:33.014Z|POST|localhost:1021/api/new-recipe
api|2021-03-17T11:47:45.958Z|OPTIONS|localhost:1021/api/new-recipe
api|2021-03-17T11:47:46.008Z|POST|localhost:1021/api/new-recipe
api|2021-03-17T11:48:17.733Z|OPTIONS|localhost:1021/api/new-recipe
api|2021-03-17T11:48:17.779Z|POST|localhost:1021/api/new-recipe
api|2021-03-21T11:51:35.285Z|GET|localhost:1021/
webService|2021-03-21T11:52:40.641Z|GET|localhost:1020/new-recipe
webService|2021-03-21T11:52:40.688Z|GET|localhost:1020/js/new-recipe.js
webService|2021-03-21T11:52:40.750Z|GET|localhost:1020/favicon.ico
api|2021-03-21T11:52:51.979Z|OPTIONS|localhost:1021/api/new-recipe
api|2021-03-21T11:52:52.078Z|POST|localhost:1021/api/new-recipe
webService|2021-03-21T11:59:02.655Z|GET|localhost:1020/ih
webService|2021-03-21T16:11:40.320Z|GET|localhost:1020/
webService|2021-03-21T16:11:40.393Z|GET|localhost:1020/style.css
webService|2021-03-21T16:11:40.402Z|GET|localhost:1020/patata.js
webService|2021-03-21T16:11:40.463Z|GET|localhost:1020/favicon.ico
webService|2021-03-21T16:11:51.643Z|GET|localhost:1020/new-recipe
webService|2021-03-21T16:11:51.672Z|GET|localhost:1020/js/new-recipe.js
api|2021-03-21T16:16:02.364Z|OPTIONS|localhost:1021/api/new-recipe
api|2021-03-21T16:16:02.462Z|POST|localhost:1021/api/new-recipe
api|2021-03-21T16:16:08.834Z|OPTIONS|localhost:1021/api/new-recipe
api|2021-03-21T16:16:08.847Z|POST|localhost:1021/api/new-recipe
api|2021-03-21T16:18:11.216Z|OPTIONS|localhost:1021/api/new-recipe
api|2021-03-21T16:18:11.229Z|POST|localhost:1021/api/new-recipe
api|2021-03-21T16:19:43.447Z|OPTIONS|localhost:1021/api/new-recipe
webService|2021-03-21T16:25:34.748Z|GET|localhost:1020/logion
webService|2021-03-21T16:25:38.249Z|GET|localhost:1020/login
webService|2021-03-21T16:25:38.287Z|GET|localhost:1020/js/login.js
webService|2021-03-21T17:03:12.336Z|GET|localhost:1020/login
webService|2021-03-21T17:03:12.384Z|GET|localhost:1020/js/login.js
webService|2021-03-21T17:05:12.500Z|GET|localhost:1020/login
webService|2021-03-21T17:05:12.532Z|GET|localhost:1020/js/login.js
webService|2021-03-21T17:05:19.533Z|GET|localhost:1020/login
webService|2021-03-21T17:05:19.564Z|GET|localhost:1020/js/login.js
webService|2021-03-21T17:05:22.129Z|GET|localhost:1020/regi
webService|2021-03-21T17:05:26.710Z|GET|localhost:1020/register
webService|2021-03-21T17:05:26.743Z|GET|localhost:1020/js/register.js
webService|2021-03-21T17:06:01.412Z|GET|localhost:1020/register
webService|2021-03-21T17:06:01.456Z|GET|localhost:1020/js/register.js
webService|2021-03-21T17:06:16.905Z|GET|localhost:1020/register?email=asd%40gmail.com&password=asd
webService|2021-03-21T17:06:16.945Z|GET|localhost:1020/js/register.js
webService|2021-03-21T17:09:25.854Z|GET|localhost:1020/register?email=asd%40gmail.com&password=asd
webService|2021-03-21T17:09:25.893Z|GET|localhost:1020/js/register.js
webService|2021-03-21T17:09:57.258Z|GET|localhost:1020/register
webService|2021-03-21T17:09:57.295Z|GET|localhost:1020/js/register.js
api|2021-03-21T17:10:53.186Z|OPTIONS|localhost:1021/api/users/register
api|2021-03-21T17:10:53.221Z|POST|localhost:1021/api/users/register
api|2021-03-21T17:11:31.118Z|OPTIONS|localhost:1021/api/users/register
api|2021-03-21T17:11:31.149Z|POST|localhost:1021/api/users/register
api|2021-03-21T17:12:57.302Z|POST|localhost:1021/api/users/register
webService|2021-03-21T17:19:44.740Z|GET|localhost:1020/register
webService|2021-03-21T17:19:44.785Z|GET|localhost:1020/js/register.js
webService|2021-03-21T17:29:25.428Z|GET|localhost:1020/register
webService|2021-03-21T17:29:25.482Z|GET|localhost:1020/js/register.js
api|2021-03-21T17:29:29.545Z|OPTIONS|localhost:1021/api/users/register
api|2021-03-21T17:29:29.587Z|POST|localhost:1021/api/users/register
api|2021-03-21T17:29:59.851Z|POST|localhost:1021/api/users/register
api|2021-03-21T17:32:07.455Z|OPTIONS|localhost:1021/api/users/register
api|2021-03-21T17:32:07.489Z|POST|localhost:1021/api/users/register
api|2021-03-21T17:33:37.715Z|POST|localhost:1021/api/users/register
api|2021-03-21T17:34:39.134Z|OPTIONS|localhost:1021/api/users/register
api|2021-03-21T17:34:39.169Z|POST|localhost:1021/api/users/register
api|2021-03-21T17:34:58.192Z|POST|localhost:1021/api/users/register
api|2021-03-21T17:35:03.411Z|OPTIONS|localhost:1021/api/users/register
api|2021-03-21T17:35:03.448Z|POST|localhost:1021/api/users/register
api|2021-03-21T17:36:00.281Z|OPTIONS|localhost:1021/api/users/register
api|2021-03-21T17:36:00.318Z|POST|localhost:1021/api/users/register
api|2021-03-21T17:37:44.630Z|OPTIONS|localhost:1021/api/users/register
api|2021-03-21T17:37:44.641Z|POST|localhost:1021/api/users/register
api|2021-03-21T17:37:45.215Z|POST|localhost:1021/api/users/register
api|2021-03-21T17:37:45.384Z|POST|localhost:1021/api/users/register
api|2021-03-21T17:37:45.547Z|POST|localhost:1021/api/users/register
webService|2021-03-21T17:38:12.348Z|GET|localhost:1020/register
webService|2021-03-21T17:38:12.404Z|GET|localhost:1020/js/register.js
api|2021-03-21T17:38:43.478Z|OPTIONS|localhost:1021/api/users/register
api|2021-03-21T17:38:43.510Z|POST|localhost:1021/api/users/register
webService|2021-03-21T17:39:05.151Z|GET|localhost:1020/register
webService|2021-03-21T17:39:05.191Z|GET|localhost:1020/js/register.js
api|2021-03-21T17:39:08.247Z|OPTIONS|localhost:1021/api/users/register
api|2021-03-21T17:39:08.278Z|POST|localhost:1021/api/users/register
webService|2021-03-21T17:39:08.598Z|GET|localhost:1020/login
webService|2021-03-21T17:39:08.628Z|GET|localhost:1020/js/login.js
webService|2021-03-21T17:39:19.410Z|GET|localhost:1020/register
webService|2021-03-21T17:39:19.452Z|GET|localhost:1020/js/register.js
api|2021-03-21T17:39:21.730Z|OPTIONS|localhost:1021/api/users/register
api|2021-03-21T17:39:21.762Z|POST|localhost:1021/api/users/register
api|2021-03-21T17:41:27.057Z|OPTIONS|localhost:1021/api/users/register
api|2021-03-21T17:41:27.094Z|POST|localhost:1021/api/users/register
webService|2021-03-21T17:41:28.391Z|GET|localhost:1020/register
webService|2021-03-21T17:41:28.431Z|GET|localhost:1020/js/register.js
api|2021-03-21T17:41:39.665Z|OPTIONS|localhost:1021/api/users/register
api|2021-03-21T17:41:39.675Z|POST|localhost:1021/api/users/register
api|2021-03-21T17:41:57.127Z|OPTIONS|localhost:1021/api/users/register
api|2021-03-21T17:41:57.174Z|POST|localhost:1021/api/users/register
api|2021-03-21T17:42:00.641Z|POST|localhost:1021/api/users/register
api|2021-03-21T17:44:09.869Z|OPTIONS|localhost:1021/api/users/register
api|2021-03-21T17:44:09.902Z|POST|localhost:1021/api/users/register
api|2021-03-21T17:44:27.829Z|OPTIONS|localhost:1021/api/users/register
api|2021-03-21T17:44:27.842Z|POST|localhost:1021/api/users/register
api|2021-03-21T17:45:21.568Z|OPTIONS|localhost:1021/api/users/register
api|2021-03-21T17:45:21.610Z|POST|localhost:1021/api/users/register
api|2021-03-21T17:51:00.521Z|OPTIONS|localhost:1021/api/users/register
api|2021-03-21T17:51:00.556Z|POST|localhost:1021/api/users/register
api|2021-03-21T17:51:29.622Z|OPTIONS|localhost:1021/api/users/register
api|2021-03-21T17:51:29.657Z|POST|localhost:1021/api/users/register
api|2021-03-21T17:52:28.362Z|OPTIONS|localhost:1021/api/users/register
api|2021-03-21T17:52:28.400Z|POST|localhost:1021/api/users/register
api|2021-03-21T17:55:05.505Z|OPTIONS|localhost:1021/api/users/register
api|2021-03-21T17:55:05.544Z|POST|localhost:1021/api/users/register
webService|2021-03-21T17:55:07.684Z|GET|localhost:1020/register
webService|2021-03-21T17:55:07.722Z|GET|localhost:1020/js/register.js
api|2021-03-21T17:55:10.829Z|OPTIONS|localhost:1021/api/users/register
api|2021-03-21T17:55:10.840Z|POST|localhost:1021/api/users/register
api|2021-03-21T17:55:50.549Z|OPTIONS|localhost:1021/api/users/register
api|2021-03-21T17:55:50.584Z|POST|localhost:1021/api/users/register
api|2021-03-21T17:56:40.574Z|OPTIONS|localhost:1021/api/users/register
api|2021-03-21T17:56:40.609Z|POST|localhost:1021/api/users/register
webService|2021-03-21T17:56:42.909Z|GET|localhost:1020/register
webService|2021-03-21T17:56:42.951Z|GET|localhost:1020/js/register.js
api|2021-03-21T17:56:45.516Z|POST|localhost:1021/api/users/register
webService|2021-03-21T17:57:51.247Z|GET|localhost:1020/register
webService|2021-03-21T17:57:51.310Z|GET|localhost:1020/js/register.js
webService|2021-03-21T17:58:16.339Z|GET|localhost:1020/register
webService|2021-03-21T17:58:16.387Z|GET|localhost:1020/js/register.js
webService|2021-03-21T17:58:24.697Z|GET|localhost:1020/register
webService|2021-03-21T17:58:24.726Z|GET|localhost:1020/js/register.js
api|2021-03-21T17:58:27.410Z|OPTIONS|localhost:1021/api/users/register
api|2021-03-21T17:58:27.443Z|POST|localhost:1021/api/users/register
webService|2021-03-21T17:59:41.916Z|GET|localhost:1020/register
webService|2021-03-21T17:59:41.957Z|GET|localhost:1020/js/register.js
api|2021-03-21T17:59:45.126Z|OPTIONS|localhost:1021/api/users/register
api|2021-03-21T17:59:45.158Z|POST|localhost:1021/api/users/register
webService|2021-03-21T18:00:17.960Z|GET|localhost:1020/register
webService|2021-03-21T18:00:18.009Z|GET|localhost:1020/js/register.js
webService|2021-03-21T18:00:20.634Z|GET|localhost:1020/register
webService|2021-03-21T18:00:20.660Z|GET|localhost:1020/js/register.js
api|2021-03-21T18:00:23.026Z|OPTIONS|localhost:1021/api/users/register
api|2021-03-21T18:00:23.058Z|POST|localhost:1021/api/users/register
api|2021-03-21T18:00:45.178Z|OPTIONS|localhost:1021/api/users/register
api|2021-03-21T18:00:45.213Z|POST|localhost:1021/api/users/register
webService|2021-03-21T18:00:47.455Z|GET|localhost:1020/register
webService|2021-03-21T18:00:47.498Z|GET|localhost:1020/js/register.js
api|2021-03-21T18:00:49.914Z|POST|localhost:1021/api/users/register
webService|2021-03-21T18:37:56.416Z|GET|localhost:1020/register
webService|2021-03-21T18:37:56.463Z|GET|localhost:1020/js/register.js
webService|2021-03-21T18:38:33.360Z|GET|localhost:1020/register
webService|2021-03-21T18:38:33.395Z|GET|localhost:1020/js/register.js
webService|2021-03-21T18:39:17.227Z|GET|localhost:1020/register
webService|2021-03-21T18:39:17.268Z|GET|localhost:1020/js/register.js
api|2021-03-21T18:40:30.087Z|OPTIONS|localhost:1021/api/users/register
api|2021-03-21T18:40:30.120Z|POST|localhost:1021/api/users/register
webService|2021-03-21T18:40:30.468Z|GET|localhost:1020/login
webService|2021-03-21T18:40:30.512Z|GET|localhost:1020/js/login.js
webService|2021-03-21T18:40:42.907Z|GET|localhost:1020/login
webService|2021-03-21T18:40:42.935Z|GET|localhost:1020/js/login.js
api|2021-03-21T18:42:23.706Z|OPTIONS|localhost:1021/api/users/register
api|2021-03-21T18:42:23.739Z|POST|localhost:1021/api/users/register
webService|2021-03-21T18:42:24.079Z|GET|localhost:1020/login
webService|2021-03-21T18:42:24.114Z|GET|localhost:1020/js/login.js
webService|2021-03-21T18:42:33.946Z|GET|localhost:1020/register
webService|2021-03-21T18:42:33.978Z|GET|localhost:1020/js/register.js
api|2021-03-21T18:42:38.485Z|OPTIONS|localhost:1021/api/users/register
api|2021-03-21T18:42:38.495Z|POST|localhost:1021/api/users/register
webService|2021-03-21T18:42:38.807Z|GET|localhost:1020/login
webService|2021-03-21T18:42:38.839Z|GET|localhost:1020/js/login.js
api|2021-03-21T18:57:50.685Z|GET|localhost:1020/login
api|2021-03-21T18:57:50.732Z|GET|localhost:1020/js/login.js
api|2021-03-21T18:58:00.803Z|OPTIONS|localhost:1021/api/users/register
api|2021-03-21T18:58:00.837Z|POST|localhost:1021/api/users/register
api|2021-03-21T18:58:00.859Z|GET|localhost:1020/login
api|2021-03-21T18:58:00.888Z|GET|localhost:1020/js/login.js
api|2021-03-21T18:58:02.166Z|OPTIONS|localhost:1021/api/users/login
api|2021-03-21T18:58:02.177Z|POST|localhost:1021/api/users/login
api|2021-03-21T18:58:32.194Z|GET|localhost:1020/login
api|2021-03-21T18:58:32.224Z|GET|localhost:1020/js/login.js
api|2021-03-21T18:58:37.636Z|OPTIONS|localhost:1021/api/users/register
api|2021-03-21T18:58:37.647Z|POST|localhost:1021/api/users/register
api|2021-03-21T18:58:37.668Z|GET|localhost:1020/login
api|2021-03-21T18:58:37.696Z|GET|localhost:1020/js/login.js
api|2021-03-21T18:59:20.460Z|OPTIONS|localhost:1021/api/users/register
api|2021-03-21T18:59:20.494Z|POST|localhost:1021/api/users/register
api|2021-03-21T18:59:20.519Z|GET|localhost:1020/login
api|2021-03-21T18:59:20.557Z|GET|localhost:1020/js/login.js
api|2021-03-21T18:59:55.454Z|OPTIONS|localhost:1021/api/users/register
api|2021-03-21T18:59:55.486Z|POST|localhost:1021/api/users/register
api|2021-03-21T18:59:55.511Z|GET|localhost:1020/login
api|2021-03-21T18:59:55.541Z|GET|localhost:1020/js/login.js
api|2021-03-21T18:59:57.986Z|GET|localhost:1020/register
api|2021-03-21T18:59:58.012Z|GET|localhost:1020/js/register.js
api|2021-03-21T19:00:03.559Z|POST|localhost:1020/ws/users/register
api|2021-03-21T19:00:42.815Z|POST|localhost:1020/ws/users/register
api|2021-03-21T19:02:28.288Z|POST|localhost:1020/ws/users/register
api|2021-03-21T19:04:06.385Z|POST|localhost:1020/ws/users/register
api|2021-03-21T19:05:24.697Z|GET|localhost:1020/register
api|2021-03-21T19:05:24.743Z|GET|localhost:1020/js/register.js
api|2021-03-21T19:05:32.023Z|POST|localhost:1020/ws/users/register
api|2021-03-21T19:05:32.359Z|GET|localhost:1020/
api|2021-03-21T19:07:24.657Z|GET|localhost:1020/
api|2021-03-21T19:08:59.443Z|POST|localhost:1020/ws/users/register
api|2021-03-21T19:09:01.456Z|GET|localhost:1020/
api|2021-03-21T19:09:34.053Z|POST|localhost:1020/ws/users/register
api|2021-03-21T19:09:38.130Z|GET|localhost:1020/
api|2021-03-21T19:11:59.117Z|GET|localhost:1020/
api|2021-03-21T19:12:00.288Z|GET|localhost:1020/style.css
api|2021-03-21T19:12:01.263Z|GET|localhost:1020/patata.js
api|2021-03-21T19:33:11.852Z|GET|localhost:1020/patata.js
api|2021-03-21T19:33:11.853Z|GET|localhost:1020/style.css
api|2021-03-21T19:33:11.913Z|GET|localhost:1020/favicon.ico
api|2021-03-21T19:33:12.060Z|GET|localhost:1020/js/new-recipe.js
api|2021-03-21T19:40:06.578Z|GET|localhost:1020/style.css
api|2021-03-21T19:40:06.583Z|GET|localhost:1020/
api|2021-03-21T19:40:09.996Z|GET|localhost:1020/js/register.js
api|2021-03-21T19:40:16.519Z|POST|localhost:1020/ws/users/register
api|2021-03-21T19:40:16.861Z|GET|localhost:1020/
api|2021-03-21T19:40:16.894Z|GET|localhost:1020/style.css
api|2021-03-21T19:40:16.901Z|GET|localhost:1020/patata.js
api|2021-03-21T19:51:46.769Z|GET|localhost:1020/js/login.js
api|2021-03-21T19:52:39.225Z|GET|localhost:1020/register
api|2021-03-21T19:52:39.266Z|GET|localhost:1020/js/register.js
api|2021-03-21T19:52:51.971Z|POST|localhost:1020/ws/users/register
api|2021-03-21T19:52:52.324Z|GET|localhost:1020/
api|2021-03-21T19:52:52.365Z|GET|localhost:1020/style.css
api|2021-03-21T19:52:52.373Z|GET|localhost:1020/patata.js
api|2021-03-21T19:54:50.420Z|OPTIONS|localhost:1021/api/users/login
api|2021-03-21T19:54:50.447Z|POST|localhost:1021/api/users/login
api|2021-03-21T19:56:19.351Z|OPTIONS|localhost:1021/api/users/login
api|2021-03-21T19:56:19.376Z|POST|localhost:1021/api/users/login
api|2021-03-21T22:07:56.252Z|OPTIONS|localhost:1021/api/users/login
api|2021-03-21T22:07:56.284Z|POST|localhost:1021/api/users/login
api|2021-03-21T22:08:08.082Z|GET|localhost:1020/login
api|2021-03-21T22:08:08.141Z|GET|localhost:1020/js/login.js
api|2021-03-21T22:08:22.764Z|OPTIONS|localhost:1021/api/users/login
api|2021-03-21T22:08:22.792Z|POST|localhost:1021/api/users/login
api|2021-03-21T22:08:23.115Z|GET|localhost:1020/
api|2021-03-21T22:08:23.156Z|GET|localhost:1020/style.css
api|2021-03-21T22:18:37.599Z|GET|localhost:1020/recipe
api|2021-03-21T22:18:37.646Z|GET|localhost:1020/css/style.css
api|2021-03-21T22:18:37.652Z|GET|localhost:1020/js/jquery.min.js
api|2021-03-21T22:18:37.653Z|GET|localhost:1020/js/bootstrap.min.js
api|2021-03-21T22:18:37.656Z|GET|localhost:1020/css/bootstrap.min.css
api|2021-03-21T22:18:37.657Z|GET|localhost:1020/js/recipe.js
api|2021-03-21T22:18:37.745Z|GET|localhost:1020/img/3e07e002d69fe35de9c20050cf3bcd82.jpg
api|2021-03-21T22:18:37.754Z|GET|localhost:1020/img/23131.png
api|2021-03-21T22:18:57.902Z|GET|localhost:1020/recipe?nombredevalor1=valor1
api|2021-03-21T22:18:57.944Z|GET|localhost:1020/css/style.css
api|2021-03-21T22:18:57.949Z|GET|localhost:1020/js/bootstrap.min.js
api|2021-03-21T22:18:57.952Z|GET|localhost:1020/css/bootstrap.min.css
api|2021-03-21T22:18:57.953Z|GET|localhost:1020/js/jquery.min.js
api|2021-03-21T22:18:57.954Z|GET|localhost:1020/js/recipe.js
api|2021-03-21T22:18:57.971Z|GET|localhost:1020/img/3e07e002d69fe35de9c20050cf3bcd82.jpg
api|2021-03-21T22:18:57.977Z|GET|localhost:1020/img/23131.png
api|2021-03-21T22:19:00.652Z|GET|localhost:1020/recipe?nombredevalor1=valor1
api|2021-03-21T22:19:00.682Z|GET|localhost:1020/css/style.css
api|2021-03-21T22:19:00.683Z|GET|localhost:1020/css/bootstrap.min.css
api|2021-03-21T22:19:00.684Z|GET|localhost:1020/js/jquery.min.js
api|2021-03-21T22:19:00.685Z|GET|localhost:1020/js/bootstrap.min.js
api|2021-03-21T22:19:00.686Z|GET|localhost:1020/js/recipe.js
api|2021-03-21T22:19:00.705Z|GET|localhost:1020/img/3e07e002d69fe35de9c20050cf3bcd82.jpg
api|2021-03-21T22:19:00.706Z|GET|localhost:1020/img/23131.png
api|2021-03-21T22:23:34.904Z|GET|localhost:1020/recipe?nombredevalor1=valor1
api|2021-03-21T22:23:34.940Z|GET|localhost:1020/css/style.css
api|2021-03-21T22:23:34.942Z|GET|localhost:1020/css/bootstrap.min.css
api|2021-03-21T22:23:34.945Z|GET|localhost:1020/js/jquery.min.js
api|2021-03-21T22:23:34.945Z|GET|localhost:1020/js/bootstrap.min.js
api|2021-03-21T22:23:34.946Z|GET|localhost:1020/js/recipe.js
api|2021-03-21T22:23:34.991Z|GET|localhost:1020/img/3e07e002d69fe35de9c20050cf3bcd82.jpg
api|2021-03-21T22:23:35.000Z|GET|localhost:1020/img/23131.png
api|2021-03-21T22:23:36.808Z|GET|localhost:1020/css/style.css
api|2021-03-21T22:23:36.809Z|GET|localhost:1020/css/bootstrap.min.css
api|2021-03-21T22:23:36.833Z|GET|localhost:1020/js/bootstrap.min.js.map
api|2021-03-21T22:23:36.889Z|GET|localhost:1020/css/bootstrap.min.css.map
api|2021-03-21T22:24:24.086Z|GET|localhost:1020/recipe?nombredevalor1=valor1
api|2021-03-21T22:24:24.120Z|GET|localhost:1020/css/style.css
api|2021-03-21T22:24:24.125Z|GET|localhost:1020/css/bootstrap.min.css
api|2021-03-21T22:24:24.127Z|GET|localhost:1020/js/jquery.min.js
api|2021-03-21T22:24:24.128Z|GET|localhost:1020/js/recipe.js
api|2021-03-21T22:24:24.129Z|GET|localhost:1020/js/bootstrap.min.js
api|2021-03-21T22:24:24.200Z|GET|localhost:1020/img/3e07e002d69fe35de9c20050cf3bcd82.jpg
api|2021-03-21T22:24:24.212Z|GET|localhost:1020/js/bootstrap.min.js.map
api|2021-03-21T22:24:24.213Z|GET|localhost:1020/img/23131.png
api|2021-03-21T22:24:24.241Z|GET|localhost:1020/css/bootstrap.min.css.map
api|2021-03-21T22:24:45.382Z|GET|localhost:1020/recipe?nombredevalor1=valor1
api|2021-03-21T22:24:45.429Z|GET|localhost:1020/css/style.css
api|2021-03-21T22:24:45.432Z|GET|localhost:1020/css/bootstrap.min.css
api|2021-03-21T22:24:45.434Z|GET|localhost:1020/js/jquery.min.js
api|2021-03-21T22:24:45.438Z|GET|localhost:1020/js/bootstrap.min.js
api|2021-03-21T22:24:45.439Z|GET|localhost:1020/js/recipe.js
api|2021-03-21T22:24:45.494Z|GET|localhost:1020/img/3e07e002d69fe35de9c20050cf3bcd82.jpg
api|2021-03-21T22:24:45.500Z|GET|localhost:1020/js/bootstrap.min.js.map
api|2021-03-21T22:24:45.501Z|GET|localhost:1020/img/23131.png
api|2021-03-21T22:24:45.522Z|GET|localhost:1020/css/bootstrap.min.css.map